2026-04-28 14:50:03,095 - INFO - 🔄 步骤0: 登出，确保从登出状态开始测试
2026-04-28 14:50:03,096 - INFO - 开始登出流程...
2026-04-28 14:50:34,136 - INFO - 未检测到home sel/mine sel/mine，跳过登出流程
2026-04-28 14:50:34,139 - INFO - ✅ 步骤0: 登出，确保从登出状态开始测试 - 完成
2026-04-28 14:50:36,142 - INFO - 🔄 步骤1: 验证在APP首页（登录页面）
2026-04-28 14:50:36,357 - INFO - ✅ 步骤1: 验证在APP首页（登录页面） - 完成，确认在APP首页（登录页面）
2026-04-28 14:50:38,361 - INFO - 🔄 步骤2: 点击Sign Up按钮进入注册页面
2026-04-28 14:50:39,356 - INFO - ✅ 步骤2: 点击Sign Up按钮进入注册页面 - 完成
2026-04-28 14:50:42,358 - INFO - 🔄 步骤3: 验证进入Sign Up页面
2026-04-28 14:50:42,634 - INFO - ✅ 步骤3: 验证进入Sign Up页面 - 完成，确认已进入Sign Up注册页面
2026-04-28 14:50:44,639 - INFO - 🔄 步骤4: 邮箱输入纯数字
2026-04-28 14:50:46,520 - INFO - ✅ 步骤4: 邮箱输入纯数字 - 完成，输入纯数字邮箱: 1234567890
2026-04-28 14:50:48,527 - INFO - 🔄 步骤5: 勾选隐私政策和用户协议
2026-04-28 14:50:54,534 - INFO - ✅ 隐私政策复选框已勾选
2026-04-28 14:50:56,039 - INFO - 🔄 步骤5.1: 收起键盘（Done）
2026-04-28 14:50:57,338 - INFO - ✅ 已点击Done收起键盘
2026-04-28 14:50:58,342 - INFO - 🔄 步骤6: 点击Next按钮
2026-04-28 14:50:59,033 - INFO - ✅ 步骤6: 点击Next按钮 - 完成，已尝试点击Next按钮
2026-04-28 14:51:01,037 - INFO - 🔄 步骤7: 验证停留当前页面并出现提示
2026-04-28 14:51:12,041 - INFO - ✅ 找到提示信息元素，选择器: //XCUIElementTypeStaticText[@name="Please sign up using your email address"]
2026-04-28 14:51:12,042 - INFO - ✅ 步骤7: 验证停留当前页面并出现提示 - 完成，提示信息: Please sign up using your email address
2026-04-28 14:51:14,045 - INFO - 🎉 测试用例102206执行成功！
2026-04-28 14:51:14,046 - INFO - ✅ 验证输入纯数字邮箱，勾选隐私政策后点击Next，停留当前页并提示“Please sign up using your email address”
2026-04-28 14:51:16,148 - INFO - ✅ 报告已生成: /Users/ambrose.chen/Desktop/iot/project/APP外壳/2测试报告/platform/ios_20260428_144959/ios_20260428_144959_report.xlsx
