2026-04-28 14:40:06,105 - INFO - 🔄 步骤0: 登出，确保从登出状态开始测试
2026-04-28 14:40:06,105 - INFO - 开始登出流程...
2026-04-28 14:40:37,076 - INFO - 未检测到home sel/mine sel/mine，跳过登出流程
2026-04-28 14:40:37,078 - INFO - ✅ 步骤0: 登出，确保从登出状态开始测试 - 完成
2026-04-28 14:40:40,081 - INFO - 🔄 步骤1: 验证在APP首页（登录页面）
2026-04-28 14:40:40,265 - INFO - ✅ 步骤1: 验证在APP首页（登录页面） - 完成，确认在APP首页（登录页面）
2026-04-28 14:40:42,266 - INFO - 🔄 步骤2: 点击Sign Up按钮进入注册页面
2026-04-28 14:40:43,266 - INFO - ✅ 步骤2: 点击Sign Up按钮进入注册页面 - 完成
2026-04-28 14:40:46,270 - INFO - 🔄 步骤3: 验证进入Sign Up页面
2026-04-28 14:40:46,529 - INFO - ✅ 步骤3: 验证进入Sign Up页面 - 完成，确认已进入Sign Up注册页面
2026-04-28 14:40:48,534 - INFO - 🔄 步骤4: 在邮箱栏输入邮箱
2026-04-28 14:40:48,544 - INFO - 📧 生成简单邮箱地址: testuser66@163.com
2026-04-28 14:40:50,552 - INFO - ✅ 步骤4: 在邮箱栏输入邮箱 - 完成，邮箱: testuser66@163.com
2026-04-28 14:40:52,557 - INFO - 🔄 步骤5: 点击邮箱右侧清除按钮
2026-04-28 14:40:53,776 - INFO - ✅ 步骤5: 点击邮箱右侧清除按钮 - 完成，已点击清除按钮
2026-04-28 14:40:55,783 - INFO - 🔄 步骤6: 验证邮箱被清空
2026-04-28 14:40:56,372 - INFO - 📝 清除后邮箱框内容: 'Email'
2026-04-28 14:40:56,375 - INFO - ✅ 步骤6: 验证邮箱被清空 - 完成，邮箱已清空
2026-04-28 14:40:57,382 - INFO - 🎉 测试用例102205执行成功！
2026-04-28 14:40:57,383 - INFO - ✅ 验证清空邮箱的“×”按钮，可以清空邮箱
2026-04-28 14:40:59,819 - INFO - ✅ 报告已生成: /Users/ambrose.chen/Desktop/iot/project/APP外壳/2测试报告/platform/ios_20260428_144002/ios_20260428_144002_report.xlsx
