2026-04-29 14:24:44,051 - INFO - 🔄 步骤0: 登出，确保从登出状态开始测试
2026-04-29 14:24:44,052 - INFO - 开始登出流程...
2026-04-29 14:25:15,065 - INFO - 未检测到home sel/mine sel/mine，跳过登出流程
2026-04-29 14:25:15,068 - INFO - ✅ 步骤0: 登出，确保从登出状态开始测试 - 完成
2026-04-29 14:25:17,074 - INFO - 🔄 步骤1: 验证在APP首页（登录页面）
2026-04-29 14:25:17,270 - INFO - ✅ 步骤1: 验证在APP首页（登录页面） - 完成，确认在APP首页（登录页面）
2026-04-29 14:25:19,273 - INFO - 🔄 步骤2: 点击Sign Up按钮进入注册页面
2026-04-29 14:25:20,236 - INFO - ✅ 步骤2: 点击Sign Up按钮进入注册页面 - 完成
2026-04-29 14:25:23,242 - INFO - 🔄 步骤3: 验证进入Sign Up页面
2026-04-29 14:25:23,516 - INFO - ✅ 步骤3: 验证进入Sign Up页面 - 完成，确认已进入Sign Up注册页面
2026-04-29 14:25:25,519 - INFO - 🔄 步骤4: 输入邮箱
2026-04-29 14:25:25,521 - INFO - 📧 生成简单邮箱地址: testuser85@163.com
2026-04-29 14:25:27,478 - INFO - ✅ 步骤4: 输入邮箱 - 完成，邮箱: testuser85@163.com
2026-04-29 14:25:29,484 - INFO - 🔄 步骤5: 勾选隐私政策和用户协议
2026-04-29 14:25:35,487 - INFO - ✅ 隐私政策复选框已勾选
2026-04-29 14:25:36,991 - INFO - 🔄 步骤5.1: 收起键盘（Done）
2026-04-29 14:25:38,297 - INFO - ✅ 已点击Done收起键盘
2026-04-29 14:25:39,301 - INFO - 🔄 步骤6: 点击Next进入set password页面
2026-04-29 14:25:40,048 - INFO - ✅ 步骤6: 点击Next进入set password页面 - 完成，已点击Next按钮
2026-04-29 14:25:43,054 - INFO - 🔄 步骤7: 验证进入set password页面
2026-04-29 14:25:43,533 - INFO - ✅ 成功进入set password页面
2026-04-29 14:25:45,039 - INFO - 🔄 步骤8: 输入大写+特殊字符密码并验证规则颜色
2026-04-29 14:25:46,921 - INFO - ✅ 已输入密码: !@#*XINGMAI
2026-04-29 14:25:48,946 - INFO - ✅ 已输入确认密码: !@#*XINGMAI
2026-04-29 14:25:50,396 - INFO - 📝 规则提示: • 6-20 characters 颜色: None
2026-04-29 14:25:50,808 - INFO - 📝 规则提示: • contains letters 颜色: None
2026-04-29 14:25:51,229 - INFO - 📝 规则提示: • contains numbers 颜色: None
2026-04-29 14:25:51,765 - INFO - 📝 规则提示: • Supports special characters:! @ # $ % ^ & * ( ) - _ = + \ | [ ] { } ; : / ? . , ~ > < ` 颜色: None
2026-04-29 14:25:53,018 - INFO - ✅ 密码页已点击Done收起键盘
2026-04-29 14:25:54,021 - INFO - 🔄 步骤9: 点击Next验证仍停留在set password页面
2026-04-29 14:25:54,614 - INFO - ✅ 已尝试点击密码页Next按钮（应无跳转）
2026-04-29 14:25:56,928 - INFO - ✅ 点击后仍停留在set password页面，Next按钮不可使页面跳转
2026-04-29 14:25:57,931 - INFO - 🎉 测试用例102238执行成功！
2026-04-29 14:25:57,931 - INFO - ✅ 大写+特殊字符密码规则提示符合预期，Next不可跳转
2026-04-29 14:25:59,991 - INFO - ✅ 报告已生成: /Users/ambrose.chen/Desktop/iot/project/APP外壳/2测试报告/platform/ios_20260429_142442/ios_20260429_142442_report.xlsx
