2026-04-29 14:40:32,390 - INFO - 🔄 步骤0: 登出，确保从登出状态开始测试
2026-04-29 14:40:32,391 - INFO - 开始登出流程...
2026-04-29 14:41:03,344 - INFO - 未检测到home sel/mine sel/mine，跳过登出流程
2026-04-29 14:41:03,349 - INFO - ✅ 步骤0: 登出，确保从登出状态开始测试 - 完成
2026-04-29 14:41:05,352 - INFO - 🔄 步骤1: 验证在APP首页（登录页面）
2026-04-29 14:41:05,569 - INFO - ✅ 步骤1: 验证在APP首页（登录页面） - 完成，确认在APP首页（登录页面）
2026-04-29 14:41:07,572 - INFO - 🔄 步骤2: 点击Sign Up按钮进入注册页面
2026-04-29 14:41:08,570 - INFO - ✅ 步骤2: 点击Sign Up按钮进入注册页面 - 完成
2026-04-29 14:41:11,575 - INFO - 🔄 步骤3: 验证进入Sign Up页面
2026-04-29 14:41:11,973 - INFO - ✅ 步骤3: 验证进入Sign Up页面 - 完成，确认已进入Sign Up注册页面
2026-04-29 14:41:13,978 - INFO - 🔄 步骤4: 输入邮箱
2026-04-29 14:41:13,995 - INFO - 📧 生成简单邮箱地址: testuser90@163.com
2026-04-29 14:41:15,954 - INFO - ✅ 步骤4: 输入邮箱 - 完成，邮箱: testuser90@163.com
2026-04-29 14:41:17,958 - INFO - 🔄 步骤5: 勾选隐私政策和用户协议
2026-04-29 14:41:24,200 - INFO - ✅ 隐私政策复选框已勾选
2026-04-29 14:41:25,706 - INFO - 🔄 步骤5.1: 收起键盘（Done）
2026-04-29 14:41:27,043 - INFO - ✅ 已点击Done收起键盘
2026-04-29 14:41:28,046 - INFO - 🔄 步骤6: 点击Next进入set password页面
2026-04-29 14:41:28,792 - INFO - ✅ 步骤6: 点击Next进入set password页面 - 完成，已点击Next按钮
2026-04-29 14:41:31,797 - INFO - 🔄 步骤7: 验证进入set password页面
2026-04-29 14:41:32,314 - INFO - ✅ 成功进入set password页面
2026-04-29 14:41:33,820 - INFO - 🔄 步骤8: 输入密码并明文显示
2026-04-29 14:41:35,653 - INFO - ✅ 已输入密码: Csx150128
2026-04-29 14:41:37,670 - INFO - ✅ 第一次点击显示密码按钮（明文）
2026-04-29 14:41:39,041 - INFO - 📝 明文时value: 'Csx150128', type: 'XCUIElementTypeTextField'
2026-04-29 14:41:39,533 - INFO - ✅ 第二次点击显示密码按钮（隐藏）
2026-04-29 14:41:40,888 - INFO - 📝 隐藏后value: '•••••••••', type: 'XCUIElementTypeSecureTextField'
2026-04-29 14:41:40,889 - INFO - ✅ 明文后再次隐藏成功
2026-04-29 14:41:41,893 - INFO - 🎉 测试用例102242执行成功！
2026-04-29 14:41:41,894 - INFO - ✅ 明文显示后可再次隐藏密文校验通过
2026-04-29 14:41:44,011 - INFO - ✅ 报告已生成: /Users/ambrose.chen/Desktop/iot/project/APP外壳/2测试报告/platform/ios_20260429_144030/ios_20260429_144030_report.xlsx
