2026-04-29 13:43:28,157 - INFO - 🔄 步骤0: 登出，确保从登出状态开始测试
2026-04-29 13:43:28,157 - INFO - 开始登出流程...
2026-04-29 13:43:59,218 - INFO - 未检测到home sel/mine sel/mine，跳过登出流程
2026-04-29 13:43:59,223 - INFO - ✅ 步骤0: 登出，确保从登出状态开始测试 - 完成
2026-04-29 13:44:01,237 - INFO - 🔄 步骤1: 验证在APP首页（登录页面）
2026-04-29 13:44:01,449 - INFO - ✅ 步骤1: 验证在APP首页（登录页面） - 完成，确认在APP首页（登录页面）
2026-04-29 13:44:03,454 - INFO - 🔄 步骤2: 点击Sign Up按钮进入注册页面
2026-04-29 13:44:04,461 - INFO - ✅ 步骤2: 点击Sign Up按钮进入注册页面 - 完成
2026-04-29 13:44:07,466 - INFO - 🔄 步骤3: 验证进入Sign Up页面
2026-04-29 13:44:07,749 - INFO - ✅ 步骤3: 验证进入Sign Up页面 - 完成，确认已进入Sign Up注册页面
2026-04-29 13:44:09,754 - INFO - 🔄 步骤4: 输入邮箱
2026-04-29 13:44:09,763 - INFO - 📧 生成简单邮箱地址: testuser73@163.com
2026-04-29 13:44:11,695 - INFO - ✅ 步骤4: 输入邮箱 - 完成，邮箱: testuser73@163.com
2026-04-29 13:44:13,697 - INFO - 🔄 步骤5: 勾选隐私政策和用户协议
2026-04-29 13:44:19,869 - INFO - ✅ 隐私政策复选框已勾选
2026-04-29 13:44:21,374 - INFO - 🔄 步骤5.1: 收起键盘（Done）
2026-04-29 13:44:22,691 - INFO - ✅ 已点击Done收起键盘
2026-04-29 13:44:23,695 - INFO - 🔄 步骤6: 点击Next进入set password页面
2026-04-29 13:44:24,443 - INFO - ✅ 步骤6: 点击Next进入set password页面 - 完成，已点击Next按钮
2026-04-29 13:44:27,450 - INFO - 🔄 步骤7: 验证进入set password页面
2026-04-29 13:44:27,881 - INFO - ✅ 成功进入set password页面
2026-04-29 13:44:29,391 - INFO - 🔄 步骤8: 输入6位密码并确认
2026-04-29 13:44:31,235 - INFO - ✅ 已输入密码: Csx150
2026-04-29 13:44:33,114 - INFO - ✅ 已输入确认密码: Csx150
2026-04-29 13:44:35,345 - INFO - ✅ 密码页已点击Done收起键盘
2026-04-29 13:44:36,351 - INFO - 🔄 步骤9: 点击Next进入用户名页面
2026-04-29 13:44:37,349 - INFO - ✅ 已点击密码页Next按钮
2026-04-29 13:44:40,353 - INFO - 🔄 步骤10: 用户名页面点击Skip并验证跳转主页面
2026-04-29 13:44:52,979 - INFO - ✅ 找到Skip元素: //XCUIElementTypeButton[@name="Skip"]
2026-04-29 13:44:53,389 - INFO - ✅ 已点击Skip跳过用户名
2026-04-29 13:44:56,621 - INFO - ✅ 主页面标识元素存在: //XCUIElementTypeButton[@name="home sel"]
2026-04-29 13:44:57,626 - INFO - 🎉 测试用例102226执行成功！
2026-04-29 13:44:57,626 - INFO - ✅ 密码等于6位时可继续，提交后成功进入主页面
2026-04-29 13:44:59,676 - INFO - ✅ 报告已生成: /Users/ambrose.chen/Desktop/iot/project/APP外壳/2测试报告/platform/ios_20260429_134326/ios_20260429_134326_report.xlsx
