2026-04-29 13:45:22,129 - INFO - 🔄 步骤0: 登出，确保从登出状态开始测试
2026-04-29 13:45:22,129 - INFO - 开始登出流程...
2026-04-29 13:45:22,396 - INFO - 检测到home sel元素
2026-04-29 13:45:33,852 - INFO - ✅ 点击mine按钮: //XCUIElementTypeButton[@name="mine"]
2026-04-29 13:45:36,219 - INFO - ✅ 点击CommonEdit编辑按钮: //XCUIElementTypeButton[@name="CommonEdit"]
2026-04-29 13:45:38,681 - INFO - ✅ 点击Log Out: //XCUIElementTypeButton[@name="Log Out"]
2026-04-29 13:45:40,934 - INFO - ✅ 点击Confirm: //XCUIElementTypeButton[@name="Confirm"]
2026-04-29 13:45:42,440 - INFO - 登出操作完成
2026-04-29 13:45:42,811 - INFO - ✅ 成功回到登录页面
2026-04-29 13:45:42,812 - INFO - ✅ 步骤0: 登出，确保从登出状态开始测试 - 完成
2026-04-29 13:45:44,818 - INFO - 🔄 步骤1: 验证在APP首页（登录页面）
2026-04-29 13:45:45,013 - INFO - ✅ 步骤1: 验证在APP首页（登录页面） - 完成，确认在APP首页（登录页面）
2026-04-29 13:45:47,016 - INFO - 🔄 步骤2: 点击Sign Up按钮进入注册页面
2026-04-29 13:45:47,997 - INFO - ✅ 步骤2: 点击Sign Up按钮进入注册页面 - 完成
2026-04-29 13:45:51,003 - INFO - 🔄 步骤3: 验证进入Sign Up页面
2026-04-29 13:45:51,321 - INFO - ✅ 步骤3: 验证进入Sign Up页面 - 完成，确认已进入Sign Up注册页面
2026-04-29 13:45:53,323 - INFO - 🔄 步骤4: 输入邮箱
2026-04-29 13:45:53,343 - INFO - 📧 生成简单邮箱地址: testuser74@163.com
2026-04-29 13:45:55,389 - INFO - ✅ 步骤4: 输入邮箱 - 完成，邮箱: testuser74@163.com
2026-04-29 13:45:57,398 - INFO - 🔄 步骤5: 勾选隐私政策和用户协议
2026-04-29 13:46:03,522 - INFO - ✅ 隐私政策复选框已勾选
2026-04-29 13:46:05,029 - INFO - 🔄 步骤5.1: 收起键盘（Done）
2026-04-29 13:46:06,360 - INFO - ✅ 已点击Done收起键盘
2026-04-29 13:46:07,366 - INFO - 🔄 步骤6: 点击Next进入set password页面
2026-04-29 13:46:08,126 - INFO - ✅ 步骤6: 点击Next进入set password页面 - 完成，已点击Next按钮
2026-04-29 13:46:11,129 - INFO - 🔄 步骤7: 验证进入set password页面
2026-04-29 13:46:11,434 - INFO - ✅ 成功进入set password页面
2026-04-29 13:46:12,939 - INFO - 🔄 步骤8: 输入20位密码并确认
2026-04-29 13:46:15,213 - INFO - ✅ 已输入密码: Csx1234567Csx1234567
2026-04-29 13:46:17,390 - INFO - ✅ 已输入确认密码: Csx1234567Csx1234567
2026-04-29 13:46:19,669 - INFO - ✅ 密码页已点击Done收起键盘
2026-04-29 13:46:20,673 - INFO - 🔄 步骤9: 点击Next进入用户名页面
2026-04-29 13:46:21,674 - INFO - ✅ 已点击密码页Next按钮
2026-04-29 13:46:24,679 - INFO - 🔄 步骤10: 用户名页面点击Skip并验证主页面
2026-04-29 13:46:37,039 - INFO - ✅ 找到Skip元素: //XCUIElementTypeButton[@name="Skip"]
2026-04-29 13:46:37,459 - INFO - ✅ 已点击Skip跳过用户名
2026-04-29 13:46:40,707 - INFO - ✅ 主页面标识元素存在: //XCUIElementTypeButton[@name="home sel"]
2026-04-29 13:46:41,712 - INFO - 🎉 测试用例102227执行成功！
2026-04-29 13:46:41,713 - INFO - ✅ 密码等于20位时可继续，提交后成功进入主页面（mine元素）
2026-04-29 13:46:43,832 - INFO - ✅ 报告已生成: /Users/ambrose.chen/Desktop/iot/project/APP外壳/2测试报告/platform/ios_20260429_134519/ios_20260429_134519_report.xlsx
