2026-04-29 14:11:52,868 - INFO - 🔄 步骤0: 登出，确保从登出状态开始测试
2026-04-29 14:11:52,869 - INFO - 开始登出流程...
2026-04-29 14:11:53,142 - INFO - 检测到home sel元素
2026-04-29 14:12:04,585 - INFO - ✅ 点击mine按钮: //XCUIElementTypeButton[@name="mine"]
2026-04-29 14:12:06,774 - INFO - ✅ 点击CommonEdit编辑按钮: //XCUIElementTypeButton[@name="CommonEdit"]
2026-04-29 14:12:08,948 - INFO - ✅ 点击Log Out: //XCUIElementTypeButton[@name="Log Out"]
2026-04-29 14:12:11,162 - INFO - ✅ 点击Confirm: //XCUIElementTypeButton[@name="Confirm"]
2026-04-29 14:12:12,672 - INFO - 登出操作完成
2026-04-29 14:12:13,060 - INFO - ✅ 成功回到登录页面
2026-04-29 14:12:13,060 - INFO - ✅ 步骤0: 登出，确保从登出状态开始测试 - 完成
2026-04-29 14:12:15,068 - INFO - 🔄 步骤1: 验证在APP首页（登录页面）
2026-04-29 14:12:15,276 - INFO - ✅ 步骤1: 验证在APP首页（登录页面） - 完成，确认在APP首页（登录页面）
2026-04-29 14:12:17,282 - INFO - 🔄 步骤2: 点击Sign Up按钮进入注册页面
2026-04-29 14:12:18,303 - INFO - ✅ 步骤2: 点击Sign Up按钮进入注册页面 - 完成
2026-04-29 14:12:21,307 - INFO - 🔄 步骤3: 验证进入Sign Up页面
2026-04-29 14:12:21,575 - INFO - ✅ 步骤3: 验证进入Sign Up页面 - 完成，确认已进入Sign Up注册页面
2026-04-29 14:12:23,578 - INFO - 🔄 步骤4: 输入邮箱
2026-04-29 14:12:23,582 - INFO - 📧 生成简单邮箱地址: testuser80@163.com
2026-04-29 14:12:25,601 - INFO - ✅ 步骤4: 输入邮箱 - 完成，邮箱: testuser80@163.com
2026-04-29 14:12:27,608 - INFO - 🔄 步骤5: 勾选隐私政策和用户协议
2026-04-29 14:12:33,667 - INFO - ✅ 隐私政策复选框已勾选
2026-04-29 14:12:35,173 - INFO - 🔄 步骤5.1: 收起键盘（Done）
2026-04-29 14:12:36,486 - INFO - ✅ 已点击Done收起键盘
2026-04-29 14:12:37,490 - INFO - 🔄 步骤6: 点击Next进入set password页面
2026-04-29 14:12:38,234 - INFO - ✅ 步骤6: 点击Next进入set password页面 - 完成，已点击Next按钮
2026-04-29 14:12:41,234 - INFO - 🔄 步骤7: 验证进入set password页面
2026-04-29 14:12:41,568 - INFO - ✅ 成功进入set password页面
2026-04-29 14:12:43,073 - INFO - 🔄 步骤8: 输入密码并确认
2026-04-29 14:12:45,051 - INFO - ✅ 已输入密码: XINGMAI123456
2026-04-29 14:12:47,164 - INFO - ✅ 已输入确认密码: XINGMAI123456
2026-04-29 14:12:49,442 - INFO - ✅ 密码页已点击Done收起键盘
2026-04-29 14:12:50,445 - INFO - 🔄 步骤9: 点击Next进入用户名页面
2026-04-29 14:12:51,444 - INFO - ✅ 已点击密码页Next按钮
2026-04-29 14:12:54,448 - INFO - 🔄 步骤10: 用户名页面点击Skip并验证主页面
2026-04-29 14:13:06,857 - INFO - ✅ 找到Skip元素: //XCUIElementTypeButton[@name="Skip"]
2026-04-29 14:13:07,280 - INFO - ✅ 已点击Skip跳过用户名
2026-04-29 14:13:10,532 - INFO - ✅ 主页面标识元素存在: //XCUIElementTypeButton[@name="home sel"]
2026-04-29 14:13:11,537 - INFO - 🎉 测试用例102233执行成功！
2026-04-29 14:13:11,538 - INFO - ✅ 数字+大写密码可正常跳转，成功到主页面
2026-04-29 14:13:13,587 - INFO - ✅ 报告已生成: /Users/ambrose.chen/Desktop/iot/project/APP外壳/2测试报告/platform/ios_20260429_141149/ios_20260429_141149_report.xlsx
