2026-04-29 14:35:59,168 - INFO - 🔄 步骤0: 登出，确保从登出状态开始测试
2026-04-29 14:35:59,168 - INFO - 开始登出流程...
2026-04-29 14:36:30,129 - INFO - 未检测到home sel/mine sel/mine，跳过登出流程
2026-04-29 14:36:30,131 - INFO - ✅ 步骤0: 登出，确保从登出状态开始测试 - 完成
2026-04-29 14:36:32,134 - INFO - 🔄 步骤1: 验证在APP首页（登录页面）
2026-04-29 14:36:32,310 - INFO - ✅ 步骤1: 验证在APP首页（登录页面） - 完成，确认在APP首页（登录页面）
2026-04-29 14:36:34,315 - INFO - 🔄 步骤2: 点击Sign Up按钮进入注册页面
2026-04-29 14:36:35,259 - INFO - ✅ 步骤2: 点击Sign Up按钮进入注册页面 - 完成
2026-04-29 14:36:38,266 - INFO - 🔄 步骤3: 验证进入Sign Up页面
2026-04-29 14:36:38,535 - INFO - ✅ 步骤3: 验证进入Sign Up页面 - 完成，确认已进入Sign Up注册页面
2026-04-29 14:36:40,540 - INFO - 🔄 步骤4: 输入邮箱
2026-04-29 14:36:40,547 - INFO - 📧 生成简单邮箱地址: testuser88@163.com
2026-04-29 14:36:42,456 - INFO - ✅ 步骤4: 输入邮箱 - 完成，邮箱: testuser88@163.com
2026-04-29 14:36:44,462 - INFO - 🔄 步骤5: 勾选隐私政策和用户协议
2026-04-29 14:36:50,514 - INFO - ✅ 隐私政策复选框已勾选
2026-04-29 14:36:52,019 - INFO - 🔄 步骤5.1: 收起键盘（Done）
2026-04-29 14:36:53,371 - INFO - ✅ 已点击Done收起键盘
2026-04-29 14:36:54,377 - INFO - 🔄 步骤6: 点击Next进入set password页面
2026-04-29 14:36:55,101 - INFO - ✅ 步骤6: 点击Next进入set password页面 - 完成，已点击Next按钮
2026-04-29 14:36:58,107 - INFO - 🔄 步骤7: 验证进入set password页面
2026-04-29 14:36:58,430 - INFO - ✅ 成功进入set password页面
2026-04-29 14:36:59,931 - INFO - 🔄 步骤8: 输入密码并验证默认密文
2026-04-29 14:37:01,628 - INFO - ✅ 已输入密码: Csx150128
2026-04-29 14:37:02,823 - INFO - 📝 默认状态 value: '•••••••••', type: 'XCUIElementTypeSecureTextField'
2026-04-29 14:37:02,823 - INFO - ✅ 默认为密文显示
2026-04-29 14:37:03,828 - INFO - 🔄 步骤9: 点击眼睛切换明文
2026-04-29 14:37:06,158 - INFO - 📝 明文状态 value: 'Csx150128', type: 'XCUIElementTypeTextField'
2026-04-29 14:37:06,158 - INFO - ✅ 点击一次眼睛后显示明文
2026-04-29 14:37:07,161 - INFO - 🔄 步骤10: 再次点击眼睛切回密文
2026-04-29 14:37:09,507 - INFO - 📝 再次密文状态 value: '•••••••••', type: 'XCUIElementTypeSecureTextField'
2026-04-29 14:37:09,507 - INFO - ✅ 再点击一次眼睛后恢复密文显示
2026-04-29 14:37:10,508 - INFO - 🎉 测试用例102240执行成功！
2026-04-29 14:37:10,509 - INFO - ✅ 密码默认密文，点击眼睛切换明文，再点击恢复密文
2026-04-29 14:37:12,546 - INFO - ✅ 报告已生成: /Users/ambrose.chen/Desktop/iot/project/APP外壳/2测试报告/platform/ios_20260429_143556/ios_20260429_143556_report.xlsx
