2026-04-29 11:08:48,239 - INFO - 🔄 步骤0: 登出，确保从登出状态开始测试
2026-04-29 11:08:48,239 - INFO - 开始登出流程...
2026-04-29 11:09:19,370 - INFO - 未检测到home sel/mine sel/mine，跳过登出流程
2026-04-29 11:09:19,374 - INFO - ✅ 步骤0: 登出，确保从登出状态开始测试 - 完成
2026-04-29 11:09:21,377 - INFO - 🔄 步骤1: 验证在APP首页（登录页面）
2026-04-29 11:09:21,634 - INFO - ✅ 步骤1: 验证在APP首页（登录页面） - 完成，确认在APP首页（登录页面）
2026-04-29 11:09:23,639 - INFO - 🔄 步骤2: 点击Sign Up按钮进入注册页面
2026-04-29 11:09:24,646 - INFO - ✅ 步骤2: 点击Sign Up按钮进入注册页面 - 完成
2026-04-29 11:09:27,652 - INFO - 🔄 步骤3: 验证进入Sign Up页面
2026-04-29 11:09:27,893 - INFO - ✅ 步骤3: 验证进入Sign Up页面 - 完成，确认已进入Sign Up注册页面
2026-04-29 11:09:29,893 - INFO - 🔄 步骤4: 国家切换至France
2026-04-29 11:10:54,239 - INFO - ✅ 步骤4: 国家切换至France - 完成，已切换国家为France
2026-04-29 11:10:55,257 - INFO - 🔄 步骤5: 输入已注册邮箱
2026-04-29 11:10:57,168 - INFO - ✅ 步骤5: 输入已注册邮箱 - 完成，输入邮箱: haoc51888@gmail.com
2026-04-29 11:10:59,170 - INFO - 🔄 步骤6: 勾选隐私政策和用户协议
2026-04-29 11:11:05,210 - INFO - ✅ 隐私政策复选框已勾选
2026-04-29 11:11:06,714 - INFO - 🔄 步骤6.1: 收起键盘（Done）
2026-04-29 11:11:08,028 - INFO - ✅ 已点击Done收起键盘
2026-04-29 11:11:09,033 - INFO - 🔄 步骤7: 点击Next按钮
2026-04-29 11:11:09,803 - INFO - ✅ 步骤7: 点击Next按钮 - 完成，已点击Next按钮
2026-04-29 11:11:11,810 - INFO - 🔄 步骤8: 验证已注册提示弹框
2026-04-29 11:11:12,668 - INFO - ✅ 弹框提示已注册: This email is already registered. Ready to sign in now?
2026-04-29 11:11:13,673 - INFO - 🎉 测试用例102221执行成功！
2026-04-29 11:11:13,674 - INFO - ✅ 已注册邮箱在France再次注册，弹出已注册提示（未继续下一步）
2026-04-29 11:11:15,778 - INFO - ✅ 报告已生成: /Users/ambrose.chen/Desktop/iot/project/APP外壳/2测试报告/platform/ios_20260429_110844/ios_20260429_110844_report.xlsx
