2026-04-29 13:46:55,453 - INFO - 🔄 步骤0: 登出，确保从登出状态开始测试
2026-04-29 13:46:55,456 - INFO - 开始登出流程...
2026-04-29 13:46:55,791 - INFO - 检测到home sel元素
2026-04-29 13:47:07,279 - INFO - ✅ 点击mine按钮: //XCUIElementTypeButton[@name="mine"]
2026-04-29 13:47:09,486 - INFO - ✅ 点击CommonEdit编辑按钮: //XCUIElementTypeButton[@name="CommonEdit"]
2026-04-29 13:47:11,817 - INFO - ✅ 点击Log Out: //XCUIElementTypeButton[@name="Log Out"]
2026-04-29 13:47:13,997 - INFO - ✅ 点击Confirm: //XCUIElementTypeButton[@name="Confirm"]
2026-04-29 13:47:15,500 - INFO - 登出操作完成
2026-04-29 13:47:15,847 - INFO - ✅ 成功回到登录页面
2026-04-29 13:47:15,848 - INFO - ✅ 步骤0: 登出，确保从登出状态开始测试 - 完成
2026-04-29 13:47:17,850 - INFO - 🔄 步骤1: 验证在APP首页（登录页面）
2026-04-29 13:47:18,013 - INFO - ✅ 步骤1: 验证在APP首页（登录页面） - 完成，确认在APP首页（登录页面）
2026-04-29 13:47:20,018 - INFO - 🔄 步骤2: 点击Sign Up按钮进入注册页面
2026-04-29 13:47:21,054 - INFO - ✅ 步骤2: 点击Sign Up按钮进入注册页面 - 完成
2026-04-29 13:47:24,055 - INFO - 🔄 步骤3: 验证进入Sign Up页面
2026-04-29 13:47:24,317 - INFO - ✅ 步骤3: 验证进入Sign Up页面 - 完成，确认已进入Sign Up注册页面
2026-04-29 13:47:26,329 - INFO - 🔄 步骤4: 输入邮箱
2026-04-29 13:47:26,339 - INFO - 📧 生成简单邮箱地址: testuser75@163.com
2026-04-29 13:47:28,344 - INFO - ✅ 步骤4: 输入邮箱 - 完成，邮箱: testuser75@163.com
2026-04-29 13:47:30,350 - INFO - 🔄 步骤5: 勾选隐私政策和用户协议
2026-04-29 13:47:36,366 - INFO - ✅ 隐私政策复选框已勾选
2026-04-29 13:47:37,870 - INFO - 🔄 步骤5.1: 收起键盘（Done）
2026-04-29 13:47:39,198 - INFO - ✅ 已点击Done收起键盘
2026-04-29 13:47:40,204 - INFO - 🔄 步骤6: 点击Next进入set password页面
2026-04-29 13:47:40,955 - INFO - ✅ 步骤6: 点击Next进入set password页面 - 完成，已点击Next按钮
2026-04-29 13:47:43,958 - INFO - 🔄 步骤7: 验证进入set password页面
2026-04-29 13:47:44,296 - INFO - ✅ 成功进入set password页面
2026-04-29 13:47:45,801 - INFO - 🔄 步骤8: 输入纯数字密码并验证规则颜色
2026-04-29 13:47:47,582 - INFO - ✅ 已输入密码: 123456
2026-04-29 13:47:49,453 - INFO - ✅ 已输入确认密码: 123456
2026-04-29 13:47:50,909 - INFO - 📝 规则提示: • 6-20 characters 颜色: None
2026-04-29 13:47:51,325 - INFO - 📝 规则提示: • contains letters 颜色: None
2026-04-29 13:47:51,734 - INFO - 📝 规则提示: • contains numbers 颜色: None
2026-04-29 13:47:52,159 - INFO - 📝 规则提示: • Supports special characters:! @ # $ % ^ & * ( ) - _ = + \ | [ ] { } ; : / ? . , ~ > < ` 颜色: None
2026-04-29 13:47:53,443 - INFO - ✅ 密码页已点击Done收起键盘
2026-04-29 13:47:54,446 - INFO - 🔄 步骤9: 点击Next验证仍停留在set password页面
2026-04-29 13:47:55,088 - INFO - ✅ 已尝试点击密码页Next按钮（应无跳转）
2026-04-29 13:47:57,444 - INFO - ✅ 点击后仍停留在set password页面，Next按钮不可使页面跳转
2026-04-29 13:47:58,448 - INFO - 🎉 测试用例102228执行成功！
2026-04-29 13:47:58,476 - INFO - ✅ 纯数字密码规则提示符合预期，Next不可跳转
2026-04-29 13:48:00,527 - INFO - ✅ 报告已生成: /Users/ambrose.chen/Desktop/iot/project/APP外壳/2测试报告/platform/ios_20260429_134653/ios_20260429_134653_report.xlsx
