2026-04-29 14:37:26,065 - INFO - 🔄 步骤0: 登出，确保从登出状态开始测试
2026-04-29 14:37:26,067 - INFO - 开始登出流程...
2026-04-29 14:37:57,012 - INFO - 未检测到home sel/mine sel/mine，跳过登出流程
2026-04-29 14:37:57,014 - INFO - ✅ 步骤0: 登出，确保从登出状态开始测试 - 完成
2026-04-29 14:37:59,020 - INFO - 🔄 步骤1: 验证在APP首页（登录页面）
2026-04-29 14:37:59,191 - INFO - ✅ 步骤1: 验证在APP首页（登录页面） - 完成，确认在APP首页（登录页面）
2026-04-29 14:38:01,192 - INFO - 🔄 步骤2: 点击Sign Up按钮进入注册页面
2026-04-29 14:38:02,152 - INFO - ✅ 步骤2: 点击Sign Up按钮进入注册页面 - 完成
2026-04-29 14:38:05,154 - INFO - 🔄 步骤3: 验证进入Sign Up页面
2026-04-29 14:38:05,393 - INFO - ✅ 步骤3: 验证进入Sign Up页面 - 完成，确认已进入Sign Up注册页面
2026-04-29 14:38:07,398 - INFO - 🔄 步骤4: 输入邮箱
2026-04-29 14:38:07,404 - INFO - 📧 生成简单邮箱地址: testuser89@163.com
2026-04-29 14:38:09,286 - INFO - ✅ 步骤4: 输入邮箱 - 完成，邮箱: testuser89@163.com
2026-04-29 14:38:11,287 - INFO - 🔄 步骤5: 勾选隐私政策和用户协议
2026-04-29 14:38:17,284 - INFO - ✅ 隐私政策复选框已勾选
2026-04-29 14:38:18,793 - INFO - 🔄 步骤5.1: 收起键盘（Done）
2026-04-29 14:38:20,101 - INFO - ✅ 已点击Done收起键盘
2026-04-29 14:38:21,105 - INFO - 🔄 步骤6: 点击Next进入set password页面
2026-04-29 14:38:21,831 - INFO - ✅ 步骤6: 点击Next进入set password页面 - 完成，已点击Next按钮
2026-04-29 14:38:24,832 - INFO - 🔄 步骤7: 验证进入set password页面
2026-04-29 14:38:25,741 - INFO - ✅ 成功进入set password页面
2026-04-29 14:38:27,244 - INFO - 🔄 步骤8: 输入密码并切换明文显示
2026-04-29 14:38:28,902 - INFO - ✅ 已输入密码: Csx150128
2026-04-29 14:38:30,880 - INFO - ✅ 已点击显示密码按钮（login pwd hide）
2026-04-29 14:38:32,279 - INFO - 📝 显示后密码框value: 'Csx150128', type: 'XCUIElementTypeTextField'
2026-04-29 14:38:32,279 - INFO - ✅ 密码已明文显示
2026-04-29 14:38:33,284 - INFO - 🎉 测试用例102241执行成功！
2026-04-29 14:38:33,285 - INFO - ✅ 密码可切换为明文显示校验通过
2026-04-29 14:38:35,317 - INFO - ✅ 报告已生成: /Users/ambrose.chen/Desktop/iot/project/APP外壳/2测试报告/platform/ios_20260429_143724/ios_20260429_143724_report.xlsx
