2026-04-29 13:52:52,211 - INFO - 🔄 步骤0: 登出，确保从登出状态开始测试
2026-04-29 13:52:52,211 - INFO - 开始登出流程...
2026-04-29 13:53:23,183 - INFO - 未检测到home sel/mine sel/mine，跳过登出流程
2026-04-29 13:53:23,186 - INFO - ✅ 步骤0: 登出，确保从登出状态开始测试 - 完成
2026-04-29 13:53:25,187 - INFO - 🔄 步骤1: 验证在APP首页（登录页面）
2026-04-29 13:53:25,352 - INFO - ✅ 步骤1: 验证在APP首页（登录页面） - 完成，确认在APP首页（登录页面）
2026-04-29 13:53:27,354 - INFO - 🔄 步骤2: 点击Sign Up按钮进入注册页面
2026-04-29 13:53:28,353 - INFO - ✅ 步骤2: 点击Sign Up按钮进入注册页面 - 完成
2026-04-29 13:53:31,356 - INFO - 🔄 步骤3: 验证进入Sign Up页面
2026-04-29 13:53:31,613 - INFO - ✅ 步骤3: 验证进入Sign Up页面 - 完成，确认已进入Sign Up注册页面
2026-04-29 13:53:33,618 - INFO - 🔄 步骤4: 输入邮箱
2026-04-29 13:53:33,625 - INFO - 📧 生成简单邮箱地址: testuser79@163.com
2026-04-29 13:53:35,539 - INFO - ✅ 步骤4: 输入邮箱 - 完成，邮箱: testuser79@163.com
2026-04-29 13:53:37,544 - INFO - 🔄 步骤5: 勾选隐私政策和用户协议
2026-04-29 13:53:43,566 - INFO - ✅ 隐私政策复选框已勾选
2026-04-29 13:53:45,071 - INFO - 🔄 步骤5.1: 收起键盘（Done）
2026-04-29 13:53:46,365 - INFO - ✅ 已点击Done收起键盘
2026-04-29 13:53:47,366 - INFO - 🔄 步骤6: 点击Next进入set password页面
2026-04-29 13:53:48,073 - INFO - ✅ 步骤6: 点击Next进入set password页面 - 完成，已点击Next按钮
2026-04-29 13:53:51,076 - INFO - 🔄 步骤7: 验证进入set password页面
2026-04-29 13:53:51,394 - INFO - ✅ 成功进入set password页面
2026-04-29 13:53:52,896 - INFO - 🔄 步骤8: 输入密码并确认
2026-04-29 13:53:54,817 - INFO - ✅ 已输入密码: xingmai123456
2026-04-29 13:53:56,833 - INFO - ✅ 已输入确认密码: xingmai123456
2026-04-29 13:53:59,109 - INFO - ✅ 密码页已点击Done收起键盘
2026-04-29 13:54:00,111 - INFO - 🔄 步骤9: 点击Next进入用户名页面
2026-04-29 13:54:01,097 - INFO - ✅ 已点击密码页Next按钮
2026-04-29 13:54:04,101 - INFO - 🔄 步骤10: 用户名页面点击Skip并验证主页面
2026-04-29 13:54:17,038 - INFO - ✅ 找到Skip元素: //XCUIElementTypeButton[@name="Skip"]
2026-04-29 13:54:17,478 - INFO - ✅ 已点击Skip跳过用户名
2026-04-29 13:54:20,720 - INFO - ✅ 主页面标识元素存在: //XCUIElementTypeButton[@name="home sel"]
2026-04-29 13:54:21,721 - INFO - 🎉 测试用例102232执行成功！
2026-04-29 13:54:21,721 - INFO - ✅ 数字+小写密码可正常跳转，成功到主页面
2026-04-29 13:54:23,768 - INFO - ✅ 报告已生成: /Users/ambrose.chen/Desktop/iot/project/APP外壳/2测试报告/platform/ios_20260429_135250/ios_20260429_135250_report.xlsx
