2026-04-29 09:21:10,985 - INFO - 🔄 步骤0: 登出，确保从登出状态开始测试
2026-04-29 09:21:10,986 - INFO - 开始登出流程...
2026-04-29 09:21:42,032 - INFO - 未检测到home sel/mine sel/mine，跳过登出流程
2026-04-29 09:21:42,036 - INFO - ✅ 步骤0: 登出，确保从登出状态开始测试 - 完成
2026-04-29 09:21:44,040 - INFO - 🔄 步骤1: 验证在APP首页（登录页面）
2026-04-29 09:21:44,211 - INFO - ✅ 步骤1: 验证在APP首页（登录页面） - 完成，确认在APP首页（登录页面）
2026-04-29 09:21:46,217 - INFO - 🔄 步骤2: 点击Sign Up按钮进入注册页面
2026-04-29 09:21:47,176 - INFO - ✅ 步骤2: 点击Sign Up按钮进入注册页面 - 完成
2026-04-29 09:21:50,179 - INFO - 🔄 步骤3: 验证进入Sign Up页面
2026-04-29 09:21:50,430 - INFO - ✅ 步骤3: 验证进入Sign Up页面 - 完成，确认已进入Sign Up注册页面
2026-04-29 09:21:52,439 - INFO - 🔄 步骤4: 邮箱输入错误格式
2026-04-29 09:21:54,395 - INFO - ✅ 步骤4: 邮箱输入错误格式 - 完成，输入错误邮箱: asd.gmail.com
2026-04-29 09:21:56,397 - INFO - 🔄 步骤5: 勾选隐私政策和用户协议
2026-04-29 09:22:02,381 - INFO - ✅ 隐私政策复选框已勾选
2026-04-29 09:22:03,882 - INFO - 🔄 步骤5.1: 收起键盘（Done）
2026-04-29 09:22:05,196 - INFO - ✅ 已点击Done收起键盘
2026-04-29 09:22:06,202 - INFO - 🔄 步骤6: 点击Next按钮
2026-04-29 09:22:06,876 - INFO - ✅ 步骤6: 点击Next按钮 - 完成，已点击Next按钮
2026-04-29 09:22:08,878 - INFO - 🔄 步骤7: 验证停留当前页面并出现提示
2026-04-29 09:22:19,835 - INFO - ✅ 找到提示信息元素，选择器: //XCUIElementTypeStaticText[@name="Please sign up using your email address"]
2026-04-29 09:22:19,836 - INFO - ✅ 步骤7: 验证停留当前页面并出现提示 - 完成，提示信息: Please sign up using your email address
2026-04-29 09:22:21,838 - INFO - 🎉 测试用例102216执行成功！
2026-04-29 09:22:21,838 - INFO - ✅ 验证错误邮箱（只有点）勾选隐私后点击Next，停留当前页并提示“Please sign up using your email address”
2026-04-29 09:22:23,904 - INFO - ✅ 报告已生成: /Users/ambrose.chen/Desktop/iot/project/APP外壳/2测试报告/platform/ios_20260429_092109/ios_20260429_092109_report.xlsx
