2026-04-28 16:54:56,028 - INFO - 🔄 步骤0: 登出，确保从登出状态开始测试
2026-04-28 16:54:56,031 - INFO - 开始登出流程...
2026-04-28 16:55:27,097 - INFO - 未检测到home sel/mine sel/mine，跳过登出流程
2026-04-28 16:55:27,106 - INFO - ✅ 步骤0: 登出，确保从登出状态开始测试 - 完成
2026-04-28 16:55:29,113 - INFO - 🔄 步骤1: 验证在APP首页（登录页面）
2026-04-28 16:55:29,309 - INFO - ✅ 步骤1: 验证在APP首页（登录页面） - 完成，确认在APP首页（登录页面）
2026-04-28 16:55:31,315 - INFO - 🔄 步骤2: 点击Sign Up按钮进入注册页面
2026-04-28 16:55:32,287 - INFO - ✅ 步骤2: 点击Sign Up按钮进入注册页面 - 完成
2026-04-28 16:55:35,292 - INFO - 🔄 步骤3: 验证进入Sign Up页面
2026-04-28 16:55:35,567 - INFO - ✅ 步骤3: 验证进入Sign Up页面 - 完成，确认已进入Sign Up注册页面
2026-04-28 16:55:37,574 - INFO - 🔄 步骤4: 邮箱输入错误格式
2026-04-28 16:55:41,169 - INFO - 📝 输入框实际值: 'asd@@gmial.com'
2026-04-28 16:55:41,173 - INFO - ✅ 步骤4: 邮箱输入错误格式 - 完成，输入错误邮箱: asd@@gmial.com
2026-04-28 16:55:43,179 - INFO - 🔄 步骤5: 勾选隐私政策和用户协议
2026-04-28 16:55:49,191 - INFO - ✅ 隐私政策复选框已勾选
2026-04-28 16:55:50,699 - INFO - 🔄 步骤5.1: 收起键盘（Done）
2026-04-28 16:55:52,008 - INFO - ✅ 已点击Done收起键盘
2026-04-28 16:55:53,015 - INFO - 🔄 步骤6: 点击Next按钮
2026-04-28 16:55:53,681 - INFO - ✅ 步骤6: 点击Next按钮 - 完成，已点击Next按钮
2026-04-28 16:55:55,689 - INFO - 🔄 步骤7: 验证停留当前页面并出现提示
2026-04-28 16:56:06,660 - INFO - ✅ 找到提示信息元素，选择器: //XCUIElementTypeStaticText[@name="Please sign up using your email address"]
2026-04-28 16:56:06,663 - INFO - ✅ 步骤7: 验证停留当前页面并出现提示 - 完成，提示信息: Please sign up using your email address
2026-04-28 16:56:08,668 - INFO - 🎉 测试用例102214执行成功！
2026-04-28 16:56:08,672 - INFO - ✅ 验证错误邮箱（a@@b型）勾选隐私后点击Next，停留当前页并提示“Please sign up using your email address”
2026-04-28 16:56:10,727 - INFO - ✅ 报告已生成: /Users/ambrose.chen/Desktop/iot/project/APP外壳/2测试报告/platform/ios_20260428_165453/ios_20260428_165453_report.xlsx
