2026-04-29 09:19:23,235 - INFO - 🔄 步骤0: 登出，确保从登出状态开始测试
2026-04-29 09:19:23,236 - INFO - 开始登出流程...
2026-04-29 09:19:54,197 - INFO - 未检测到home sel/mine sel/mine，跳过登出流程
2026-04-29 09:19:54,199 - INFO - ✅ 步骤0: 登出，确保从登出状态开始测试 - 完成
2026-04-29 09:19:56,204 - INFO - 🔄 步骤1: 验证在APP首页（登录页面）
2026-04-29 09:19:56,412 - INFO - ✅ 步骤1: 验证在APP首页（登录页面） - 完成，确认在APP首页（登录页面）
2026-04-29 09:19:58,417 - INFO - 🔄 步骤2: 点击Sign Up按钮进入注册页面
2026-04-29 09:19:59,398 - INFO - ✅ 步骤2: 点击Sign Up按钮进入注册页面 - 完成
2026-04-29 09:20:02,403 - INFO - 🔄 步骤3: 验证进入Sign Up页面
2026-04-29 09:20:02,657 - INFO - ✅ 步骤3: 验证进入Sign Up页面 - 完成，确认已进入Sign Up注册页面
2026-04-29 09:20:04,661 - INFO - 🔄 步骤4: 邮箱输入错误格式
2026-04-29 09:20:06,541 - INFO - ✅ 步骤4: 邮箱输入错误格式 - 完成，输入错误邮箱: asd@gmial
2026-04-29 09:20:08,546 - INFO - 🔄 步骤5: 勾选隐私政策和用户协议
2026-04-29 09:20:14,517 - INFO - ✅ 隐私政策复选框已勾选
2026-04-29 09:20:16,021 - INFO - 🔄 步骤5.1: 收起键盘（Done）
2026-04-29 09:20:17,334 - INFO - ✅ 已点击Done收起键盘
2026-04-29 09:20:18,339 - INFO - 🔄 步骤6: 点击Next按钮
2026-04-29 09:20:19,013 - INFO - ✅ 步骤6: 点击Next按钮 - 完成，已点击Next按钮
2026-04-29 09:20:21,018 - INFO - 🔄 步骤7: 验证停留当前页面并出现提示
2026-04-29 09:20:32,006 - INFO - ✅ 找到提示信息元素，选择器: //XCUIElementTypeStaticText[@name="Please sign up using your email address"]
2026-04-29 09:20:32,007 - INFO - ✅ 步骤7: 验证停留当前页面并出现提示 - 完成，提示信息: Please sign up using your email address
2026-04-29 09:20:34,010 - INFO - 🎉 测试用例102215执行成功！
2026-04-29 09:20:34,011 - INFO - ✅ 验证错误邮箱（缺少合法域）勾选隐私后点击Next，停留当前页并提示“Please sign up using your email address”
2026-04-29 09:20:36,052 - INFO - ✅ 报告已生成: /Users/ambrose.chen/Desktop/iot/project/APP外壳/2测试报告/platform/ios_20260429_091919/ios_20260429_091919_report.xlsx
