2026-04-29 13:48:12,404 - INFO - 🔄 步骤0: 登出，确保从登出状态开始测试
2026-04-29 13:48:12,405 - INFO - 开始登出流程...
2026-04-29 13:48:43,410 - INFO - 未检测到home sel/mine sel/mine，跳过登出流程
2026-04-29 13:48:43,413 - INFO - ✅ 步骤0: 登出，确保从登出状态开始测试 - 完成
2026-04-29 13:48:45,415 - INFO - 🔄 步骤1: 验证在APP首页（登录页面）
2026-04-29 13:48:45,601 - INFO - ✅ 步骤1: 验证在APP首页（登录页面） - 完成，确认在APP首页（登录页面）
2026-04-29 13:48:47,604 - INFO - 🔄 步骤2: 点击Sign Up按钮进入注册页面
2026-04-29 13:48:48,563 - INFO - ✅ 步骤2: 点击Sign Up按钮进入注册页面 - 完成
2026-04-29 13:48:51,566 - INFO - 🔄 步骤3: 验证进入Sign Up页面
2026-04-29 13:48:51,832 - INFO - ✅ 步骤3: 验证进入Sign Up页面 - 完成，确认已进入Sign Up注册页面
2026-04-29 13:48:53,836 - INFO - 🔄 步骤4: 输入邮箱
2026-04-29 13:48:53,842 - INFO - 📧 生成简单邮箱地址: testuser76@163.com
2026-04-29 13:48:55,756 - INFO - ✅ 步骤4: 输入邮箱 - 完成，邮箱: testuser76@163.com
2026-04-29 13:48:57,756 - INFO - 🔄 步骤5: 勾选隐私政策和用户协议
2026-04-29 13:49:03,738 - INFO - ✅ 隐私政策复选框已勾选
2026-04-29 13:49:05,244 - INFO - 🔄 步骤5.1: 收起键盘（Done）
2026-04-29 13:49:06,564 - INFO - ✅ 已点击Done收起键盘
2026-04-29 13:49:07,565 - INFO - 🔄 步骤6: 点击Next进入set password页面
2026-04-29 13:49:08,288 - INFO - ✅ 步骤6: 点击Next进入set password页面 - 完成，已点击Next按钮
2026-04-29 13:49:11,292 - INFO - 🔄 步骤7: 验证进入set password页面
2026-04-29 13:49:12,845 - INFO - ✅ 成功进入set password页面
2026-04-29 13:49:14,347 - INFO - 🔄 步骤8: 输入纯小写密码并验证规则颜色
2026-04-29 13:49:16,231 - INFO - ✅ 已输入密码: xingmai
2026-04-29 13:49:18,367 - INFO - ✅ 已输入确认密码: xingmai
2026-04-29 13:49:19,786 - INFO - 📝 规则提示: • 6-20 characters 颜色: None
2026-04-29 13:49:20,201 - INFO - 📝 规则提示: • contains letters 颜色: None
2026-04-29 13:49:20,610 - INFO - 📝 规则提示: • contains numbers 颜色: None
2026-04-29 13:49:21,028 - INFO - 📝 规则提示: • Supports special characters:! @ # $ % ^ & * ( ) - _ = + \ | [ ] { } ; : / ? . , ~ > < ` 颜色: None
2026-04-29 13:49:22,270 - INFO - ✅ 密码页已点击Done收起键盘
2026-04-29 13:49:23,273 - INFO - 🔄 步骤9: 点击Next验证仍停留在set password页面
2026-04-29 13:49:23,839 - INFO - ✅ 已尝试点击密码页Next按钮（应无跳转）
2026-04-29 13:49:26,295 - INFO - ✅ 点击后仍停留在set password页面，Next按钮不可使页面跳转
2026-04-29 13:49:27,298 - INFO - 🎉 测试用例102229执行成功！
2026-04-29 13:49:27,299 - INFO - ✅ 纯小写密码规则提示符合预期，Next不可跳转
2026-04-29 13:49:29,369 - INFO - ✅ 报告已生成: /Users/ambrose.chen/Desktop/iot/project/APP外壳/2测试报告/platform/ios_20260429_134810/ios_20260429_134810_report.xlsx
