2026-04-29 14:26:09,082 - INFO - 🔄 步骤0: 登出，确保从登出状态开始测试
2026-04-29 14:26:09,082 - INFO - 开始登出流程...
2026-04-29 14:26:40,029 - INFO - 未检测到home sel/mine sel/mine，跳过登出流程
2026-04-29 14:26:40,030 - INFO - ✅ 步骤0: 登出，确保从登出状态开始测试 - 完成
2026-04-29 14:26:42,035 - INFO - 🔄 步骤1: 验证在APP首页（登录页面）
2026-04-29 14:26:42,242 - INFO - ✅ 步骤1: 验证在APP首页（登录页面） - 完成，确认在APP首页（登录页面）
2026-04-29 14:26:44,247 - INFO - 🔄 步骤2: 点击Sign Up按钮进入注册页面
2026-04-29 14:26:45,215 - INFO - ✅ 步骤2: 点击Sign Up按钮进入注册页面 - 完成
2026-04-29 14:26:48,223 - INFO - 🔄 步骤3: 验证进入Sign Up页面
2026-04-29 14:26:48,488 - INFO - ✅ 步骤3: 验证进入Sign Up页面 - 完成，确认已进入Sign Up注册页面
2026-04-29 14:26:50,494 - INFO - 🔄 步骤4: 输入邮箱
2026-04-29 14:26:50,505 - INFO - 📧 生成简单邮箱地址: testuser86@163.com
2026-04-29 14:26:52,426 - INFO - ✅ 步骤4: 输入邮箱 - 完成，邮箱: testuser86@163.com
2026-04-29 14:26:54,433 - INFO - 🔄 步骤5: 勾选隐私政策和用户协议
2026-04-29 14:27:00,513 - INFO - ✅ 隐私政策复选框已勾选
2026-04-29 14:27:02,014 - INFO - 🔄 步骤5.1: 收起键盘（Done）
2026-04-29 14:27:03,299 - INFO - ✅ 已点击Done收起键盘
2026-04-29 14:27:04,303 - INFO - 🔄 步骤6: 点击Next进入set password页面
2026-04-29 14:27:05,036 - INFO - ✅ 步骤6: 点击Next进入set password页面 - 完成，已点击Next按钮
2026-04-29 14:27:08,040 - INFO - 🔄 步骤7: 验证进入set password页面
2026-04-29 14:27:08,357 - INFO - ✅ 成功进入set password页面
2026-04-29 14:27:09,861 - INFO - 🔄 步骤8: 输入密码并确认
2026-04-29 14:27:11,754 - INFO - ✅ 已输入密码: Csx150128
2026-04-29 14:27:13,875 - INFO - ✅ 已输入确认密码: Csx150128
2026-04-29 14:27:14,877 - INFO - 🔄 步骤9: 点击清除按钮“×”
2026-04-29 14:27:15,863 - INFO - ✅ 已点击清除按钮“×”
2026-04-29 14:27:17,368 - INFO - 🔄 步骤10: 验证密码被清空
2026-04-29 14:27:17,641 - INFO - 📝 清除后密码框内容: 'Password'
2026-04-29 14:27:17,650 - INFO - ❌ 步骤10: 验证密码被清空失败: 清除后密码应为空，当前值: 'Password'
assert 'Password' in ['', None]
2026-04-29 14:27:17,651 - INFO - 
============================================================
2026-04-29 14:27:17,651 - INFO - ❌ 测试失败
2026-04-29 14:27:17,651 - INFO - 📍 失败步骤: 步骤10: 验证密码被清空
2026-04-29 14:27:17,651 - INFO - 📝 失败原因: 步骤10: 验证密码被清空失败: 清除后密码应为空，当前值: 'Password'
assert 'Password' in ['', None]
2026-04-29 14:27:17,651 - INFO - ============================================================
2026-04-29 14:27:17,659 - INFO - Traceback (most recent call last):

2026-04-29 14:27:17,669 - INFO -   File "/Users/ambrose.chen/Desktop/iot/project/APP外壳/3功能/1平台/IOS/2注册/102239 验证输入的密码，可以一键“×”清空.py", line 297, in test_102239
    assert value_after in ["", None], f"清除后密码应为空，当前值: '{value_after}'"

2026-04-29 14:27:17,670 - INFO - AssertionError: 清除后密码应为空，当前值: 'Password'
assert 'Password' in ['', None]

2026-04-29 14:27:17,981 - INFO - 已保存test_102239_failed失败截图: screenshots/test_102239_failed_1777444037.png
2026-04-29 14:27:18,055 - INFO - ✅ 报告已生成: /Users/ambrose.chen/Desktop/iot/project/APP外壳/2测试报告/platform/ios_20260429_142607/ios_20260429_142607_report.xlsx
