2026-04-29 14:20:26,731 - INFO - 🔄 步骤0: 登出，确保从登出状态开始测试
2026-04-29 14:20:26,732 - INFO - 开始登出流程...
2026-04-29 14:20:26,949 - INFO - 检测到home sel元素
2026-04-29 14:20:38,406 - INFO - ✅ 点击mine按钮: //XCUIElementTypeButton[@name="mine"]
2026-04-29 14:20:40,668 - INFO - ✅ 点击CommonEdit编辑按钮: //XCUIElementTypeButton[@name="CommonEdit"]
2026-04-29 14:20:42,995 - INFO - ✅ 点击Log Out: //XCUIElementTypeButton[@name="Log Out"]
2026-04-29 14:20:45,186 - INFO - ✅ 点击Confirm: //XCUIElementTypeButton[@name="Confirm"]
2026-04-29 14:20:46,690 - INFO - 登出操作完成
2026-04-29 14:20:47,057 - INFO - ✅ 成功回到登录页面
2026-04-29 14:20:47,057 - INFO - ✅ 步骤0: 登出，确保从登出状态开始测试 - 完成
2026-04-29 14:20:49,061 - INFO - 🔄 步骤1: 验证在APP首页（登录页面）
2026-04-29 14:20:49,232 - INFO - ✅ 步骤1: 验证在APP首页（登录页面） - 完成，确认在APP首页（登录页面）
2026-04-29 14:20:51,237 - INFO - 🔄 步骤2: 点击Sign Up按钮进入注册页面
2026-04-29 14:20:52,202 - INFO - ✅ 步骤2: 点击Sign Up按钮进入注册页面 - 完成
2026-04-29 14:20:55,204 - INFO - 🔄 步骤3: 验证进入Sign Up页面
2026-04-29 14:20:55,482 - INFO - ✅ 步骤3: 验证进入Sign Up页面 - 完成，确认已进入Sign Up注册页面
2026-04-29 14:20:57,487 - INFO - 🔄 步骤4: 输入邮箱
2026-04-29 14:20:57,495 - INFO - 📧 生成简单邮箱地址: testuser82@163.com
2026-04-29 14:20:59,528 - INFO - ✅ 步骤4: 输入邮箱 - 完成，邮箱: testuser82@163.com
2026-04-29 14:21:01,532 - INFO - 🔄 步骤5: 勾选隐私政策和用户协议
2026-04-29 14:21:07,541 - INFO - ✅ 隐私政策复选框已勾选
2026-04-29 14:21:09,047 - INFO - 🔄 步骤5.1: 收起键盘（Done）
2026-04-29 14:21:10,358 - INFO - ✅ 已点击Done收起键盘
2026-04-29 14:21:11,363 - INFO - 🔄 步骤6: 点击Next进入set password页面
2026-04-29 14:21:12,166 - INFO - ✅ 步骤6: 点击Next进入set password页面 - 完成，已点击Next按钮
2026-04-29 14:21:15,180 - INFO - 🔄 步骤7: 验证进入set password页面
2026-04-29 14:21:15,537 - INFO - ✅ 成功进入set password页面
2026-04-29 14:21:17,040 - INFO - 🔄 步骤8: 输入数字+字符密码并验证规则颜色
2026-04-29 14:21:19,394 - INFO - ✅ 已输入密码: !@#$%^&*()-==+\'l[};:/?...~><`12
2026-04-29 14:21:21,864 - INFO - ✅ 已输入确认密码: !@#$%^&*()-==+\'l[};:/?...~><`12
2026-04-29 14:21:23,339 - INFO - 📝 规则提示: • 6-20 characters 颜色: None
2026-04-29 14:21:23,774 - INFO - 📝 规则提示: • contains letters 颜色: None
2026-04-29 14:21:24,256 - INFO - 📝 规则提示: • contains numbers 颜色: None
2026-04-29 14:21:24,698 - INFO - 📝 规则提示: • Supports special characters:! @ # $ % ^ & * ( ) - _ = + \ | [ ] { } ; : / ? . , ~ > < ` 颜色: None
2026-04-29 14:21:26,182 - INFO - ✅ 密码页已点击Done收起键盘
2026-04-29 14:21:27,186 - INFO - 🔄 步骤9: 点击Next验证仍停留在set password页面
2026-04-29 14:21:27,803 - INFO - ✅ 已尝试点击密码页Next按钮（应无跳转）
2026-04-29 14:21:30,131 - INFO - ✅ 点击后仍停留在set password页面，Next按钮不可使页面跳转
2026-04-29 14:21:31,137 - INFO - 🎉 测试用例102235执行成功！
2026-04-29 14:21:31,137 - INFO - ✅ 数字+特殊字符密码规则提示符合预期，Next不可跳转
2026-04-29 14:21:33,199 - INFO - ✅ 报告已生成: /Users/ambrose.chen/Desktop/iot/project/APP外壳/2测试报告/platform/ios_20260429_142024/ios_20260429_142024_report.xlsx
