2026-04-28 16:50:38,145 - INFO - 🔄 步骤0: 登出，确保从登出状态开始测试
2026-04-28 16:50:38,145 - INFO - 开始登出流程...
2026-04-28 16:51:09,117 - INFO - 未检测到home sel/mine sel/mine，跳过登出流程
2026-04-28 16:51:09,119 - INFO - ✅ 步骤0: 登出，确保从登出状态开始测试 - 完成
2026-04-28 16:51:11,121 - INFO - 🔄 步骤1: 验证在APP首页（登录页面）
2026-04-28 16:51:11,323 - INFO - ✅ 步骤1: 验证在APP首页（登录页面） - 完成，确认在APP首页（登录页面）
2026-04-28 16:51:13,326 - INFO - 🔄 步骤2: 点击Sign Up按钮进入注册页面
2026-04-28 16:51:14,308 - INFO - ✅ 步骤2: 点击Sign Up按钮进入注册页面 - 完成
2026-04-28 16:51:17,314 - INFO - 🔄 步骤3: 验证进入Sign Up页面
2026-04-28 16:51:17,566 - INFO - ✅ 步骤3: 验证进入Sign Up页面 - 完成，确认已进入Sign Up注册页面
2026-04-28 16:51:19,570 - INFO - 🔄 步骤4: 邮箱输入只有特殊字符的错误邮箱
2026-04-28 16:51:21,491 - INFO - ✅ 步骤4: 邮箱输入只有特殊字符的错误邮箱 - 完成，输入错误邮箱: !@#$.(@gmail.com
2026-04-28 16:51:23,497 - INFO - 🔄 步骤5: 勾选隐私政策和用户协议
2026-04-28 16:51:29,632 - INFO - ✅ 隐私政策复选框已勾选
2026-04-28 16:51:31,168 - INFO - 🔄 步骤5.1: 收起键盘（Done）
2026-04-28 16:51:32,607 - INFO - ✅ 已点击Done收起键盘
2026-04-28 16:51:33,613 - INFO - 🔄 步骤6: 点击Next按钮
2026-04-28 16:51:34,291 - INFO - ✅ 步骤6: 点击Next按钮 - 完成，已点击Next按钮
2026-04-28 16:51:36,293 - INFO - 🔄 步骤7: 验证停留当前页面并出现提示
2026-04-28 16:51:47,392 - INFO - ✅ 找到提示信息元素，选择器: //XCUIElementTypeStaticText[@name="Please sign up using your email address"]
2026-04-28 16:51:47,394 - INFO - ✅ 步骤7: 验证停留当前页面并出现提示 - 完成，提示信息: Please sign up using your email address
2026-04-28 16:51:49,395 - INFO - 🎉 测试用例102212执行成功！
2026-04-28 16:51:49,396 - INFO - ✅ 验证错误邮箱（特殊字符）勾选隐私后点击Next，停留当前页并提示“Please sign up using your email address”
2026-04-28 16:51:51,476 - INFO - ✅ 报告已生成: /Users/ambrose.chen/Desktop/iot/project/APP外壳/2测试报告/platform/ios_20260428_165034/ios_20260428_165034_report.xlsx
