2026-04-28 16:52:04,716 - INFO - 🔄 步骤0: 登出，确保从登出状态开始测试
2026-04-28 16:52:04,717 - INFO - 开始登出流程...
2026-04-28 16:52:35,741 - INFO - 未检测到home sel/mine sel/mine，跳过登出流程
2026-04-28 16:52:35,743 - INFO - ✅ 步骤0: 登出，确保从登出状态开始测试 - 完成
2026-04-28 16:52:37,747 - INFO - 🔄 步骤1: 验证在APP首页（登录页面）
2026-04-28 16:52:37,932 - INFO - ✅ 步骤1: 验证在APP首页（登录页面） - 完成，确认在APP首页（登录页面）
2026-04-28 16:52:39,935 - INFO - 🔄 步骤2: 点击Sign Up按钮进入注册页面
2026-04-28 16:52:40,888 - INFO - ✅ 步骤2: 点击Sign Up按钮进入注册页面 - 完成
2026-04-28 16:52:43,894 - INFO - 🔄 步骤3: 验证进入Sign Up页面
2026-04-28 16:52:44,173 - INFO - ✅ 步骤3: 验证进入Sign Up页面 - 完成，确认已进入Sign Up注册页面
2026-04-28 16:52:46,180 - INFO - 🔄 步骤4: 邮箱输入包含中文的错误邮箱
2026-04-28 16:52:48,151 - INFO - ✅ 步骤4: 邮箱输入包含中文的错误邮箱 - 完成，输入错误邮箱: 102213中国@gmail.com
2026-04-28 16:52:50,154 - INFO - 🔄 步骤5: 勾选隐私政策和用户协议
2026-04-28 16:52:56,200 - INFO - ✅ 隐私政策复选框已勾选
2026-04-28 16:52:57,704 - INFO - 🔄 步骤5.1: 收起键盘（Done）
2026-04-28 16:52:59,012 - INFO - ✅ 已点击Done收起键盘
2026-04-28 16:53:00,014 - INFO - 🔄 步骤6: 点击Next按钮
2026-04-28 16:53:00,679 - INFO - ✅ 步骤6: 点击Next按钮 - 完成，已点击Next按钮
2026-04-28 16:53:02,683 - INFO - 🔄 步骤7: 验证停留当前页面并出现提示
2026-04-28 16:53:03,277 - INFO - ✅ 找到提示信息元素，选择器: //XCUIElementTypeStaticText[@name="Please sign up using your email address"]
2026-04-28 16:53:03,278 - INFO - ✅ 步骤7: 验证停留当前页面并出现提示 - 完成，提示信息: Please sign up using your email address
2026-04-28 16:53:05,284 - INFO - 🎉 测试用例102213执行成功！
2026-04-28 16:53:05,284 - INFO - ✅ 验证错误邮箱（包含中文）勾选隐私后点击Next，停留当前页并提示“Please sign up using your email address”
2026-04-28 16:53:07,339 - INFO - ✅ 报告已生成: /Users/ambrose.chen/Desktop/iot/project/APP外壳/2测试报告/platform/ios_20260428_165202/ios_20260428_165202_report.xlsx
