2026-04-29 11:26:55,711 - INFO - 🔄 步骤0: 登出，确保从登出状态开始测试
2026-04-29 11:26:55,711 - INFO - 开始登出流程...
2026-04-29 11:27:26,909 - INFO - 未检测到home sel/mine sel/mine，跳过登出流程
2026-04-29 11:27:26,913 - INFO - ✅ 步骤0: 登出，确保从登出状态开始测试 - 完成
2026-04-29 11:27:28,919 - INFO - 🔄 步骤1: 验证在APP首页（登录页面）
2026-04-29 11:27:29,098 - INFO - ✅ 步骤1: 验证在APP首页（登录页面） - 完成，确认在APP首页（登录页面）
2026-04-29 11:27:31,102 - INFO - 🔄 步骤2: 点击Sign Up按钮进入注册页面
2026-04-29 11:27:32,079 - INFO - ✅ 步骤2: 点击Sign Up按钮进入注册页面 - 完成
2026-04-29 11:27:35,081 - INFO - 🔄 步骤3: 验证进入Sign Up页面
2026-04-29 11:27:35,315 - INFO - ✅ 步骤3: 验证进入Sign Up页面 - 完成，确认已进入Sign Up注册页面
2026-04-29 11:27:37,319 - INFO - 🔄 步骤4: 输入邮箱
2026-04-29 11:27:37,332 - INFO - 📧 生成简单邮箱地址: testuser71@163.com
2026-04-29 11:27:39,240 - INFO - ✅ 步骤4: 输入邮箱 - 完成，邮箱: testuser71@163.com
2026-04-29 11:27:41,241 - INFO - 🔄 步骤5: 勾选隐私政策和用户协议
2026-04-29 11:27:47,348 - INFO - ✅ 隐私政策复选框已勾选
2026-04-29 11:27:48,854 - INFO - 🔄 步骤5.1: 收起键盘（Done）
2026-04-29 11:27:50,137 - INFO - ✅ 已点击Done收起键盘
2026-04-29 11:27:51,140 - INFO - 🔄 步骤6: 点击Next进入set password页面
2026-04-29 11:27:51,850 - INFO - ✅ 步骤6: 点击Next进入set password页面 - 完成，已点击Next按钮
2026-04-29 11:27:54,856 - INFO - 🔄 步骤7: 验证进入set password页面
2026-04-29 11:27:55,159 - INFO - ✅ 成功进入set password页面
2026-04-29 11:27:56,660 - INFO - 🔄 步骤8: 输入小于6位密码并验证规则颜色
2026-04-29 11:27:58,232 - INFO - ✅ 已输入密码: Csx15
2026-04-29 11:28:00,162 - INFO - 📝 规则提示: • 6-20 characters 颜色: None
2026-04-29 11:28:00,587 - INFO - 📝 规则提示: • contains letters 颜色: None
2026-04-29 11:28:01,000 - INFO - 📝 规则提示: • contains numbers 颜色: None
2026-04-29 11:28:01,411 - INFO - 📝 规则提示: • Supports special characters:! @ # $ % ^ & * ( ) - _ = + \ | [ ] { } ; : / ? . , ~ > < ` 颜色: None
2026-04-29 11:28:01,411 - INFO - ✅ 规则颜色检查完成（无法获取颜色时已记录）
2026-04-29 11:28:02,417 - INFO - 🔄 步骤9: 收起键盘并点击Next，验证停留当前页面
2026-04-29 11:28:03,671 - INFO - ✅ 已点击Done收起键盘
2026-04-29 11:28:05,236 - INFO - ✅ 已尝试点击密码页Next按钮
2026-04-29 11:28:07,551 - INFO - ✅ 点击后仍停留在set password页面，Next按钮不可使页面跳转
2026-04-29 11:28:08,556 - INFO - 🎉 测试用例102224执行成功！
2026-04-29 11:28:08,556 - INFO - ✅ 密码小于6位时规则颜色符合预期，Next按钮不可跳转
2026-04-29 11:28:10,643 - INFO - ✅ 报告已生成: /Users/ambrose.chen/Desktop/iot/project/APP外壳/2测试报告/platform/ios_20260429_112653/ios_20260429_112653_report.xlsx
