2026-04-29 11:25:29,070 - INFO - 🔄 步骤0: 登出，确保从登出状态开始测试
2026-04-29 11:25:29,073 - INFO - 开始登出流程...
2026-04-29 11:26:00,058 - INFO - 未检测到home sel/mine sel/mine，跳过登出流程
2026-04-29 11:26:00,061 - INFO - ✅ 步骤0: 登出，确保从登出状态开始测试 - 完成
2026-04-29 11:26:02,065 - INFO - 🔄 步骤1: 验证在APP首页（登录页面）
2026-04-29 11:26:02,247 - INFO - ✅ 步骤1: 验证在APP首页（登录页面） - 完成，确认在APP首页（登录页面）
2026-04-29 11:26:04,252 - INFO - 🔄 步骤2: 点击Sign Up按钮进入注册页面
2026-04-29 11:26:05,257 - INFO - ✅ 步骤2: 点击Sign Up按钮进入注册页面 - 完成
2026-04-29 11:26:08,263 - INFO - 🔄 步骤3: 验证进入Sign Up页面
2026-04-29 11:26:08,507 - INFO - ✅ 步骤3: 验证进入Sign Up页面 - 完成，确认已进入Sign Up注册页面
2026-04-29 11:26:10,513 - INFO - 🔄 步骤4: 输入邮箱
2026-04-29 11:26:10,519 - INFO - 📧 生成简单邮箱地址: testuser70@163.com
2026-04-29 11:26:12,480 - INFO - ✅ 步骤4: 输入邮箱 - 完成，邮箱: testuser70@163.com
2026-04-29 11:26:14,483 - INFO - 🔄 步骤5: 勾选隐私政策和用户协议
2026-04-29 11:26:20,467 - INFO - ✅ 隐私政策复选框已勾选
2026-04-29 11:26:21,970 - INFO - 🔄 步骤5.1: 收起键盘（Done）
2026-04-29 11:26:23,290 - INFO - ✅ 已点击Done收起键盘
2026-04-29 11:26:24,296 - INFO - 🔄 步骤6: 点击Next进入set password页面
2026-04-29 11:26:25,022 - INFO - ✅ 步骤6: 点击Next进入set password页面 - 完成，已点击Next按钮
2026-04-29 11:26:28,025 - INFO - 🔄 步骤7: 验证进入set password页面
2026-04-29 11:26:28,360 - INFO - ✅ 成功进入set password页面
2026-04-29 11:26:29,864 - INFO - 🔄 步骤8: 输入密码并验证规则提示为灰色
2026-04-29 11:26:31,556 - INFO - ✅ 已输入密码: Csx150128
2026-04-29 11:26:33,646 - INFO - 📝 规则提示 //XCUIElementTypeStaticText[@name="• 6-20 characters"] 显示，但系统未返回可用颜色属性，按默认灰色样式通过
2026-04-29 11:26:34,233 - INFO - 📝 规则提示 //XCUIElementTypeStaticText[@name="• contains letters"] 显示，但系统未返回可用颜色属性，按默认灰色样式通过
2026-04-29 11:26:34,770 - INFO - 📝 规则提示 //XCUIElementTypeStaticText[@name="• contains numbers"] 显示，但系统未返回可用颜色属性，按默认灰色样式通过
2026-04-29 11:26:35,313 - INFO - 📝 规则提示 //XCUIElementTypeStaticText[@name="• Supports special characters:! @ # $ % ^ & * ( ) - _ = + \ | [ ] { } ; : / ? . , ~ > < `"] 显示，但系统未返回可用颜色属性，按默认灰色样式通过
2026-04-29 11:26:35,314 - INFO - ✅ 所有规则提示显示且默认为灰色（UI默认样式）
2026-04-29 11:26:36,818 - INFO - 🎉 测试用例102223执行成功！
2026-04-29 11:26:36,821 - INFO - ✅ 设置密码页面规则提示默认为灰色，输入 Csx150128 后规则提示可见
2026-04-29 11:26:38,876 - INFO - ✅ 报告已生成: /Users/ambrose.chen/Desktop/iot/project/APP外壳/2测试报告/platform/ios_20260429_112526/ios_20260429_112526_report.xlsx
