2026-04-29 14:30:03,778 - INFO - 🔄 步骤0: 登出，确保从登出状态开始测试
2026-04-29 14:30:03,778 - INFO - 开始登出流程...
2026-04-29 14:30:34,732 - INFO - 未检测到home sel/mine sel/mine，跳过登出流程
2026-04-29 14:30:34,734 - INFO - ✅ 步骤0: 登出，确保从登出状态开始测试 - 完成
2026-04-29 14:30:36,736 - INFO - 🔄 步骤1: 验证在APP首页（登录页面）
2026-04-29 14:30:36,912 - INFO - ✅ 步骤1: 验证在APP首页（登录页面） - 完成，确认在APP首页（登录页面）
2026-04-29 14:30:38,917 - INFO - 🔄 步骤2: 点击Sign Up按钮进入注册页面
2026-04-29 14:30:40,023 - INFO - ✅ 步骤2: 点击Sign Up按钮进入注册页面 - 完成
2026-04-29 14:30:43,025 - INFO - 🔄 步骤3: 验证进入Sign Up页面
2026-04-29 14:30:43,279 - INFO - ✅ 步骤3: 验证进入Sign Up页面 - 完成，确认已进入Sign Up注册页面
2026-04-29 14:30:45,283 - INFO - 🔄 步骤4: 输入邮箱
2026-04-29 14:30:45,290 - INFO - 📧 生成简单邮箱地址: testuser87@163.com
2026-04-29 14:30:47,224 - INFO - ✅ 步骤4: 输入邮箱 - 完成，邮箱: testuser87@163.com
2026-04-29 14:30:49,226 - INFO - 🔄 步骤5: 勾选隐私政策和用户协议
2026-04-29 14:30:55,242 - INFO - ✅ 隐私政策复选框已勾选
2026-04-29 14:30:56,747 - INFO - 🔄 步骤5.1: 收起键盘（Done）
2026-04-29 14:30:58,049 - INFO - ✅ 已点击Done收起键盘
2026-04-29 14:30:59,055 - INFO - 🔄 步骤6: 点击Next进入set password页面
2026-04-29 14:30:59,907 - INFO - ✅ 步骤6: 点击Next进入set password页面 - 完成，已点击Next按钮
2026-04-29 14:31:02,912 - INFO - 🔄 步骤7: 验证进入set password页面
2026-04-29 14:31:03,215 - INFO - ✅ 成功进入set password页面
2026-04-29 14:31:04,721 - INFO - 🔄 步骤8: 输入密码并确认
2026-04-29 14:31:06,676 - INFO - ✅ 已输入密码: Csx150128
2026-04-29 14:31:08,603 - INFO - ✅ 已输入确认密码: Csx150128
2026-04-29 14:31:09,609 - INFO - 🔄 步骤9: 点击清除按钮“×”
2026-04-29 14:31:10,625 - INFO - ✅ 已点击清除按钮“×”
2026-04-29 14:31:12,129 - INFO - 🔄 步骤10: 验证密码被清空
2026-04-29 14:31:12,389 - INFO - 📝 清除后密码框内容: 'Password'
2026-04-29 14:31:12,390 - INFO - ✅ 密码框已清空
2026-04-29 14:31:13,392 - INFO - 🎉 测试用例102239执行成功！
2026-04-29 14:31:13,392 - INFO - ✅ 验证输入的密码可以一键“×”清空
2026-04-29 14:31:15,433 - INFO - ✅ 报告已生成: /Users/ambrose.chen/Desktop/iot/project/APP外壳/2测试报告/platform/ios_20260429_143001/ios_20260429_143001_report.xlsx
