2026-04-28 13:55:37,486 - INFO - 🔄 步骤0: 登出，确保从登出状态开始测试
2026-04-28 13:55:37,487 - INFO - 开始登出流程...
2026-04-28 13:56:08,532 - INFO - 未检测到home sel/mine sel/mine，跳过登出流程
2026-04-28 13:56:08,542 - INFO - ✅ 步骤0: 登出，确保从登出状态开始测试 - 完成
2026-04-28 13:56:11,544 - INFO - 🔄 步骤1: 验证在APP首页（登录页面）
2026-04-28 13:56:11,739 - INFO - ✅ 步骤1: 验证在APP首页（登录页面） - 完成，确认在APP首页（登录页面）
2026-04-28 13:56:13,743 - INFO - 🔄 步骤2: 点击Sign Up按钮进入注册页面
2026-04-28 13:56:14,713 - INFO - ✅ 步骤2: 点击Sign Up按钮进入注册页面 - 完成
2026-04-28 13:56:17,714 - INFO - 🔄 步骤3: 验证进入Sign Up页面
2026-04-28 13:56:17,955 - INFO - ✅ 步骤3: 验证进入Sign Up页面 - 完成，确认已进入Sign Up注册页面
2026-04-28 13:56:19,957 - INFO - 🔄 步骤4: 在邮箱栏输入邮箱
2026-04-28 13:56:19,968 - INFO - 📧 生成简单邮箱地址: testuser65@163.com
2026-04-28 13:56:21,976 - INFO - ✅ 步骤4: 在邮箱栏输入邮箱 - 完成，邮箱: testuser65@163.com
2026-04-28 13:56:23,988 - INFO - 🔄 步骤5: 点击邮箱右侧清除按钮
2026-04-28 13:56:25,084 - INFO - ✅ 步骤5: 点击邮箱右侧清除按钮 - 完成，已点击清除按钮
2026-04-28 13:56:27,089 - INFO - 🔄 步骤6: 验证邮箱被清空
2026-04-28 13:56:27,487 - INFO - 📝 清除后邮箱框内容: 'Email'
2026-04-28 13:56:27,494 - INFO - ❌ 步骤6: 验证邮箱被清空失败: 清除后邮箱应为空，当前值: 'Email'
assert ('Email' == ''
  
  + Email or 'Email' is None)
2026-04-28 13:56:27,494 - INFO - 
============================================================
2026-04-28 13:56:27,494 - INFO - ❌ 测试失败
2026-04-28 13:56:27,494 - INFO - 📍 失败步骤: 步骤6: 验证邮箱被清空
2026-04-28 13:56:27,494 - INFO - 📝 失败原因: 步骤6: 验证邮箱被清空失败: 清除后邮箱应为空，当前值: 'Email'
assert ('Email' == ''
  
  + Email or 'Email' is None)
2026-04-28 13:56:27,494 - INFO - ============================================================
2026-04-28 13:56:27,498 - INFO - Traceback (most recent call last):

2026-04-28 13:56:27,499 - INFO -   File "/Users/ambrose.chen/Desktop/iot/project/APP外壳/3功能/1平台/IOS/2注册/102205 验证清空邮箱的“×”按钮，可以清空邮箱.py", line 198, in test_102205
    assert value_after == "" or value_after is None, f"清除后邮箱应为空，当前值: '{value_after}'"

2026-04-28 13:56:27,500 - INFO - AssertionError: 清除后邮箱应为空，当前值: 'Email'
assert ('Email' == ''
  
  + Email or 'Email' is None)

2026-04-28 13:56:27,796 - INFO - 已保存test_102205_failed失败截图: screenshots/test_102205_failed_1777355787.png
2026-04-28 13:56:27,860 - INFO - ✅ 报告已生成: /Users/ambrose.chen/Desktop/iot/project/APP外壳/2测试报告/platform/ios_20260428_135535/ios_20260428_135535_report.xlsx
