2026-04-28 14:41:09,897 - INFO - 🔄 步骤0: 登出，确保从登出状态开始测试
2026-04-28 14:41:09,897 - INFO - 开始登出流程...
2026-04-28 14:41:40,948 - INFO - 未检测到home sel/mine sel/mine，跳过登出流程
2026-04-28 14:41:40,955 - INFO - ✅ 步骤0: 登出，确保从登出状态开始测试 - 完成
2026-04-28 14:41:42,957 - INFO - 🔄 步骤1: 验证在APP首页（登录页面）
2026-04-28 14:41:43,142 - INFO - ✅ 步骤1: 验证在APP首页（登录页面） - 完成，确认在APP首页（登录页面）
2026-04-28 14:41:45,147 - INFO - 🔄 步骤2: 点击Sign Up按钮进入注册页面
2026-04-28 14:41:46,139 - INFO - ✅ 步骤2: 点击Sign Up按钮进入注册页面 - 完成
2026-04-28 14:41:49,144 - INFO - 🔄 步骤3: 验证进入Sign Up页面
2026-04-28 14:41:49,383 - INFO - ✅ 步骤3: 验证进入Sign Up页面 - 完成，确认已进入Sign Up注册页面
2026-04-28 14:41:51,388 - INFO - 🔄 步骤4: 邮箱输入纯数字
2026-04-28 14:41:53,187 - INFO - ✅ 步骤4: 邮箱输入纯数字 - 完成，输入纯数字邮箱: 1234567890
2026-04-28 14:41:55,189 - INFO - 🔄 步骤5: 勾选隐私政策和用户协议
2026-04-28 14:42:01,190 - INFO - ✅ 隐私政策复选框已勾选
2026-04-28 14:42:02,695 - INFO - 🔄 步骤5.1: 收起键盘（Done）
2026-04-28 14:42:04,023 - INFO - ✅ 已点击Done收起键盘
2026-04-28 14:42:05,025 - INFO - 🔄 步骤6: 点击Next按钮
2026-04-28 14:42:13,343 - INFO - ❌ 步骤6: 点击Next按钮失败: 无法找到或点击Next按钮 - Message: 

2026-04-28 14:42:13,343 - INFO - 
============================================================
2026-04-28 14:42:13,344 - INFO - ❌ 测试失败
2026-04-28 14:42:13,344 - INFO - 📍 失败步骤: 步骤6: 点击Next按钮
2026-04-28 14:42:13,344 - INFO - 📝 失败原因: 步骤6: 点击Next按钮失败: 无法找到或点击Next按钮 - Message: 

2026-04-28 14:42:13,344 - INFO - ============================================================
2026-04-28 14:42:13,349 - INFO - Traceback (most recent call last):

2026-04-28 14:42:13,352 - INFO -   File "/Users/ambrose.chen/Desktop/iot/project/APP外壳/3功能/1平台/IOS/2注册/102206 验证注册时输入纯数字时，弹出的错误提示是否正确.py", line 218, in test_102206
    next_btn = WebDriverWait(driver, 8).until(
               ^^^^^^^^^^^^^^^^^^^^^^^^^^^^^^^

2026-04-28 14:42:13,353 - INFO -   File "/Library/Frameworks/Python.framework/Versions/3.11/lib/python3.11/site-packages/selenium/webdriver/support/wait.py", line 138, in until
    raise TimeoutException(message, screen, stacktrace)

2026-04-28 14:42:13,353 - INFO - selenium.common.exceptions.TimeoutException: Message: 


2026-04-28 14:42:13,659 - INFO - 已保存test_102206_failed失败截图: screenshots/test_102206_failed_1777358533.png
2026-04-28 14:42:13,683 - INFO - ✅ 报告已生成: /Users/ambrose.chen/Desktop/iot/project/APP外壳/2测试报告/platform/ios_20260428_144107/ios_20260428_144107_report.xlsx
