2026-04-29 14:21:51,397 - INFO - 🔄 步骤0: 登出，确保从登出状态开始测试
2026-04-29 14:21:51,398 - INFO - 开始登出流程...
2026-04-29 14:22:22,426 - INFO - 未检测到home sel/mine sel/mine，跳过登出流程
2026-04-29 14:22:22,428 - INFO - ✅ 步骤0: 登出，确保从登出状态开始测试 - 完成
2026-04-29 14:22:24,431 - INFO - 🔄 步骤1: 验证在APP首页（登录页面）
2026-04-29 14:22:24,613 - INFO - ✅ 步骤1: 验证在APP首页（登录页面） - 完成，确认在APP首页（登录页面）
2026-04-29 14:22:26,618 - INFO - 🔄 步骤2: 点击Sign Up按钮进入注册页面
2026-04-29 14:22:27,613 - INFO - ✅ 步骤2: 点击Sign Up按钮进入注册页面 - 完成
2026-04-29 14:22:30,618 - INFO - 🔄 步骤3: 验证进入Sign Up页面
2026-04-29 14:22:30,863 - INFO - ✅ 步骤3: 验证进入Sign Up页面 - 完成，确认已进入Sign Up注册页面
2026-04-29 14:22:32,867 - INFO - 🔄 步骤4: 输入邮箱
2026-04-29 14:22:32,889 - INFO - 📧 生成简单邮箱地址: testuser83@163.com
2026-04-29 14:22:34,803 - INFO - ✅ 步骤4: 输入邮箱 - 完成，邮箱: testuser83@163.com
2026-04-29 14:22:36,808 - INFO - 🔄 步骤5: 勾选隐私政策和用户协议
2026-04-29 14:22:42,833 - INFO - ✅ 隐私政策复选框已勾选
2026-04-29 14:22:44,337 - INFO - 🔄 步骤5.1: 收起键盘（Done）
2026-04-29 14:22:45,621 - INFO - ✅ 已点击Done收起键盘
2026-04-29 14:22:46,625 - INFO - 🔄 步骤6: 点击Next进入set password页面
2026-04-29 14:22:47,516 - INFO - ✅ 步骤6: 点击Next进入set password页面 - 完成，已点击Next按钮
2026-04-29 14:22:50,531 - INFO - 🔄 步骤7: 验证进入set password页面
2026-04-29 14:22:50,847 - INFO - ✅ 成功进入set password页面
2026-04-29 14:22:52,350 - INFO - 🔄 步骤8: 输入大小写混合密码并验证规则颜色
2026-04-29 14:22:54,223 - INFO - ✅ 已输入密码: XINGmai
2026-04-29 14:22:56,200 - INFO - ✅ 已输入确认密码: XINGmai
2026-04-29 14:22:57,625 - INFO - 📝 规则提示: • 6-20 characters 颜色: None
2026-04-29 14:22:58,055 - INFO - 📝 规则提示: • contains letters 颜色: None
2026-04-29 14:22:58,471 - INFO - 📝 规则提示: • contains numbers 颜色: None
2026-04-29 14:22:58,894 - INFO - 📝 规则提示: • Supports special characters:! @ # $ % ^ & * ( ) - _ = + \ | [ ] { } ; : / ? . , ~ > < ` 颜色: None
2026-04-29 14:23:00,129 - INFO - ✅ 密码页已点击Done收起键盘
2026-04-29 14:23:01,130 - INFO - 🔄 步骤9: 点击Next验证仍停留在set password页面
2026-04-29 14:23:01,766 - INFO - ✅ 已尝试点击密码页Next按钮（应无跳转）
2026-04-29 14:23:04,143 - INFO - ✅ 点击后仍停留在set password页面，Next按钮不可使页面跳转
2026-04-29 14:23:05,147 - INFO - 🎉 测试用例102236执行成功！
2026-04-29 14:23:05,148 - INFO - ✅ 大小写混合但无数字/特殊字符，Next不可跳转，停留密码页
2026-04-29 14:23:07,190 - INFO - ✅ 报告已生成: /Users/ambrose.chen/Desktop/iot/project/APP外壳/2测试报告/platform/ios_20260429_142149/ios_20260429_142149_report.xlsx
