2026-04-28 16:10:52,574 - INFO - 🔄 步骤0: 登出，确保从登出状态开始测试
2026-04-28 16:10:52,575 - INFO - 开始登出流程...
2026-04-28 16:11:23,508 - INFO - 未检测到home sel/mine sel/mine，跳过登出流程
2026-04-28 16:11:23,511 - INFO - ✅ 步骤0: 登出，确保从登出状态开始测试 - 完成
2026-04-28 16:11:25,516 - INFO - 🔄 步骤1: 验证在APP首页（登录页面）
2026-04-28 16:11:25,712 - INFO - ✅ 步骤1: 验证在APP首页（登录页面） - 完成，确认在APP首页（登录页面）
2026-04-28 16:11:27,715 - INFO - 🔄 步骤2: 点击Sign Up按钮进入注册页面
2026-04-28 16:11:28,683 - INFO - ✅ 步骤2: 点击Sign Up按钮进入注册页面 - 完成
2026-04-28 16:11:31,688 - INFO - 🔄 步骤3: 验证进入Sign Up页面
2026-04-28 16:11:31,922 - INFO - ✅ 步骤3: 验证进入Sign Up页面 - 完成，确认已进入Sign Up注册页面
2026-04-28 16:11:33,926 - INFO - 🔄 步骤4: 邮箱输入包含中文的错误邮箱
2026-04-28 16:11:35,856 - INFO - ✅ 步骤4: 邮箱输入包含中文的错误邮箱 - 完成，输入错误邮箱: 102213中国@gmail.com
2026-04-28 16:11:37,860 - INFO - 🔄 步骤5: 勾选隐私政策和用户协议
2026-04-28 16:11:43,810 - INFO - ✅ 隐私政策复选框已勾选
2026-04-28 16:11:45,314 - INFO - 🔄 步骤5.1: 收起键盘（Done）
2026-04-28 16:11:46,605 - INFO - ✅ 已点击Done收起键盘
2026-04-28 16:11:47,606 - INFO - 🔄 步骤6: 点击Next按钮
2026-04-28 16:11:55,869 - INFO - ❌ 步骤6: 点击Next按钮失败: 无法找到或点击Next按钮 - Message: 

2026-04-28 16:11:55,871 - INFO - 
============================================================
2026-04-28 16:11:55,871 - INFO - ❌ 测试失败
2026-04-28 16:11:55,871 - INFO - 📍 失败步骤: 步骤6: 点击Next按钮
2026-04-28 16:11:55,871 - INFO - 📝 失败原因: 步骤6: 点击Next按钮失败: 无法找到或点击Next按钮 - Message: 

2026-04-28 16:11:55,871 - INFO - ============================================================
2026-04-28 16:11:55,877 - INFO - Traceback (most recent call last):

2026-04-28 16:11:55,880 - INFO -   File "/Users/ambrose.chen/Desktop/iot/project/APP外壳/3功能/1平台/IOS/2注册/102213 验证错误邮箱，无法进行下一步操作-邮箱包含了中文.py", line 217, in test_102213
    next_btn = WebDriverWait(driver, 8).until(
               ^^^^^^^^^^^^^^^^^^^^^^^^^^^^^^^

2026-04-28 16:11:55,880 - INFO -   File "/Library/Frameworks/Python.framework/Versions/3.11/lib/python3.11/site-packages/selenium/webdriver/support/wait.py", line 138, in until
    raise TimeoutException(message, screen, stacktrace)

2026-04-28 16:11:55,880 - INFO - selenium.common.exceptions.TimeoutException: Message: 


2026-04-28 16:11:56,202 - INFO - 已保存test_102213_failed失败截图: screenshots/test_102213_failed_1777363915.png
2026-04-28 16:11:56,227 - INFO - ✅ 报告已生成: /Users/ambrose.chen/Desktop/iot/project/APP外壳/2测试报告/platform/ios_20260428_161049/ios_20260428_161049_report.xlsx
