2026-04-29 14:23:16,816 - INFO - 🔄 步骤0: 登出，确保从登出状态开始测试
2026-04-29 14:23:16,817 - INFO - 开始登出流程...
2026-04-29 14:23:47,811 - INFO - 未检测到home sel/mine sel/mine，跳过登出流程
2026-04-29 14:23:47,814 - INFO - ✅ 步骤0: 登出，确保从登出状态开始测试 - 完成
2026-04-29 14:23:49,819 - INFO - 🔄 步骤1: 验证在APP首页（登录页面）
2026-04-29 14:23:50,001 - INFO - ✅ 步骤1: 验证在APP首页（登录页面） - 完成，确认在APP首页（登录页面）
2026-04-29 14:23:52,007 - INFO - 🔄 步骤2: 点击Sign Up按钮进入注册页面
2026-04-29 14:23:52,981 - INFO - ✅ 步骤2: 点击Sign Up按钮进入注册页面 - 完成
2026-04-29 14:23:55,983 - INFO - 🔄 步骤3: 验证进入Sign Up页面
2026-04-29 14:23:56,209 - INFO - ✅ 步骤3: 验证进入Sign Up页面 - 完成，确认已进入Sign Up注册页面
2026-04-29 14:23:58,213 - INFO - 🔄 步骤4: 输入邮箱
2026-04-29 14:23:58,219 - INFO - 📧 生成简单邮箱地址: testuser84@163.com
2026-04-29 14:24:00,135 - INFO - ✅ 步骤4: 输入邮箱 - 完成，邮箱: testuser84@163.com
2026-04-29 14:24:02,139 - INFO - 🔄 步骤5: 勾选隐私政策和用户协议
2026-04-29 14:24:08,167 - INFO - ✅ 隐私政策复选框已勾选
2026-04-29 14:24:09,676 - INFO - 🔄 步骤5.1: 收起键盘（Done）
2026-04-29 14:24:11,022 - INFO - ✅ 已点击Done收起键盘
2026-04-29 14:24:12,026 - INFO - 🔄 步骤6: 点击Next进入set password页面
2026-04-29 14:24:12,763 - INFO - ✅ 步骤6: 点击Next进入set password页面 - 完成，已点击Next按钮
2026-04-29 14:24:15,769 - INFO - 🔄 步骤7: 验证进入set password页面
2026-04-29 14:24:16,079 - INFO - ✅ 成功进入set password页面
2026-04-29 14:24:17,584 - INFO - 🔄 步骤8: 输入小写+特殊字符密码并验证规则颜色
2026-04-29 14:24:19,571 - INFO - ✅ 已输入密码: !@#&xingmai
2026-04-29 14:24:21,634 - INFO - ✅ 已输入确认密码: !@#&xingmai
2026-04-29 14:24:23,145 - INFO - 📝 规则提示: • 6-20 characters 颜色: None
2026-04-29 14:24:23,622 - INFO - 📝 规则提示: • contains letters 颜色: None
2026-04-29 14:24:24,066 - INFO - 📝 规则提示: • contains numbers 颜色: None
2026-04-29 14:24:24,467 - INFO - 📝 规则提示: • Supports special characters:! @ # $ % ^ & * ( ) - _ = + \ | [ ] { } ; : / ? . , ~ > < ` 颜色: None
2026-04-29 14:24:25,726 - INFO - ✅ 密码页已点击Done收起键盘
2026-04-29 14:24:26,730 - INFO - 🔄 步骤9: 点击Next验证仍停留在set password页面
2026-04-29 14:24:27,336 - INFO - ✅ 已尝试点击密码页Next按钮（应无跳转）
2026-04-29 14:24:29,709 - INFO - ✅ 点击后仍停留在set password页面，Next按钮不可使页面跳转
2026-04-29 14:24:30,714 - INFO - 🎉 测试用例102237执行成功！
2026-04-29 14:24:30,714 - INFO - ✅ 小写+特殊字符密码规则提示符合预期，Next不可跳转
2026-04-29 14:24:32,750 - INFO - ✅ 报告已生成: /Users/ambrose.chen/Desktop/iot/project/APP外壳/2测试报告/platform/ios_20260429_142314/ios_20260429_142314_report.xlsx
