2026-04-29 10:51:43,750 - INFO - 🔄 步骤0: 登出，确保从登出状态开始测试
2026-04-29 10:51:43,750 - INFO - 开始登出流程...
2026-04-29 10:52:14,736 - INFO - 未检测到home sel/mine sel/mine，跳过登出流程
2026-04-29 10:52:14,738 - INFO - ✅ 步骤0: 登出，确保从登出状态开始测试 - 完成
2026-04-29 10:52:16,742 - INFO - 🔄 步骤1: 验证在APP首页（登录页面）
2026-04-29 10:52:16,912 - INFO - ✅ 步骤1: 验证在APP首页（登录页面） - 完成，确认在APP首页（登录页面）
2026-04-29 10:52:18,914 - INFO - 🔄 步骤2: 点击Sign Up按钮进入注册页面
2026-04-29 10:52:19,914 - INFO - ✅ 步骤2: 点击Sign Up按钮进入注册页面 - 完成
2026-04-29 10:52:22,917 - INFO - 🔄 步骤3: 验证进入Sign Up页面
2026-04-29 10:52:23,160 - INFO - ✅ 步骤3: 验证进入Sign Up页面 - 完成，确认已进入Sign Up注册页面
2026-04-29 10:52:25,165 - INFO - 🔄 步骤4: 输入已注册邮箱
2026-04-29 10:52:27,135 - INFO - ✅ 步骤4: 输入已注册邮箱 - 完成，输入邮箱: haoc51888@gmail.com
2026-04-29 10:52:29,140 - INFO - 🔄 步骤5: 勾选隐私政策和用户协议
2026-04-29 10:52:35,283 - INFO - ✅ 隐私政策复选框已勾选
2026-04-29 10:52:36,785 - INFO - 🔄 步骤5.1: 收起键盘（Done）
2026-04-29 10:52:38,088 - INFO - ✅ 已点击Done收起键盘
2026-04-29 10:52:39,089 - INFO - 🔄 步骤6: 点击Next按钮
2026-04-29 10:52:39,803 - INFO - ✅ 步骤6: 点击Next按钮 - 完成，已点击Next按钮
2026-04-29 10:52:41,806 - INFO - 🔄 步骤7: 验证弹框提示已注册
2026-04-29 10:52:42,651 - INFO - ✅ 弹框提示已注册: This email is already registered. Ready to sign in now?
2026-04-29 10:52:43,656 - INFO - 🔄 步骤8: 点击Confirm进入登录页
2026-04-29 10:52:44,805 - INFO - ✅ 已点击Confirm
2026-04-29 10:52:47,807 - INFO - 🔄 步骤9: 验证跳转到登录页面
2026-04-29 10:52:48,092 - INFO - ✅ 步骤9: 验证跳转到登录页面 - 完成，已跳转到登录页面
2026-04-29 10:52:50,096 - INFO - 🎉 测试用例102219执行成功！
2026-04-29 10:52:50,097 - INFO - ✅ 已注册邮箱再次注册，弹框提示并点击Confirm跳转登录页成功
2026-04-29 10:52:52,141 - INFO - ✅ 报告已生成: /Users/ambrose.chen/Desktop/iot/project/APP外壳/2测试报告/platform/ios_20260429_105139/ios_20260429_105139_report.xlsx
