2026-04-28 16:26:24,316 - INFO - 🔄 步骤0: 登出，确保从登出状态开始测试
2026-04-28 16:26:24,316 - INFO - 开始登出流程...
2026-04-28 16:26:55,235 - INFO - 未检测到home sel/mine sel/mine，跳过登出流程
2026-04-28 16:26:55,240 - INFO - ✅ 步骤0: 登出，确保从登出状态开始测试 - 完成
2026-04-28 16:26:57,244 - INFO - 🔄 步骤1: 验证在APP首页（登录页面）
2026-04-28 16:26:57,430 - INFO - ✅ 步骤1: 验证在APP首页（登录页面） - 完成，确认在APP首页（登录页面）
2026-04-28 16:26:59,435 - INFO - 🔄 步骤2: 点击Sign Up按钮进入注册页面
2026-04-28 16:27:00,530 - INFO - ✅ 步骤2: 点击Sign Up按钮进入注册页面 - 完成
2026-04-28 16:27:03,536 - INFO - 🔄 步骤3: 验证进入Sign Up页面
2026-04-28 16:27:03,779 - INFO - ✅ 步骤3: 验证进入Sign Up页面 - 完成，确认已进入Sign Up注册页面
2026-04-28 16:27:05,783 - INFO - 🔄 步骤4: 邮箱输入只有字母的错误邮箱
2026-04-28 16:27:07,648 - INFO - ✅ 步骤4: 邮箱输入只有字母的错误邮箱 - 完成，输入错误邮箱: abcdefg
2026-04-28 16:27:09,653 - INFO - 🔄 步骤5: 勾选隐私政策和用户协议
2026-04-28 16:27:15,603 - INFO - ✅ 隐私政策复选框已勾选
2026-04-28 16:27:17,110 - INFO - 🔄 步骤5.1: 收起键盘（Done）
2026-04-28 16:27:18,426 - INFO - ✅ 已点击Done收起键盘
2026-04-28 16:27:19,431 - INFO - 🔄 步骤6: 点击Next按钮
2026-04-28 16:27:20,091 - INFO - ✅ 步骤6: 点击Next按钮 - 完成，已点击Next按钮
2026-04-28 16:27:22,095 - INFO - 🔄 步骤7: 验证停留当前页面并出现提示
2026-04-28 16:27:33,057 - INFO - ✅ 找到提示信息元素，选择器: //XCUIElementTypeStaticText[@name="Please sign up using your email address"]
2026-04-28 16:27:33,059 - INFO - ✅ 步骤7: 验证停留当前页面并出现提示 - 完成，提示信息: Please sign up using your email address
2026-04-28 16:27:35,064 - INFO - 🎉 测试用例102210执行成功！
2026-04-28 16:27:35,065 - INFO - ✅ 验证错误邮箱（仅字母）勾选隐私后点击Next，停留当前页并提示“Please sign up using your email address”
2026-04-28 16:27:37,091 - INFO - ✅ 报告已生成: /Users/ambrose.chen/Desktop/iot/project/APP外壳/2测试报告/platform/ios_20260428_162621/ios_20260428_162621_report.xlsx
