2026-04-29 14:18:55,816 - INFO - 🔄 步骤0: 登出，确保从登出状态开始测试
2026-04-29 14:18:55,817 - INFO - 开始登出流程...
2026-04-29 14:18:56,050 - INFO - 检测到home sel元素
2026-04-29 14:19:07,548 - INFO - ✅ 点击mine按钮: //XCUIElementTypeButton[@name="mine"]
2026-04-29 14:19:10,189 - INFO - ✅ 点击CommonEdit编辑按钮: //XCUIElementTypeButton[@name="CommonEdit"]
2026-04-29 14:19:12,341 - INFO - ✅ 点击Log Out: //XCUIElementTypeButton[@name="Log Out"]
2026-04-29 14:19:14,636 - INFO - ✅ 点击Confirm: //XCUIElementTypeButton[@name="Confirm"]
2026-04-29 14:19:16,147 - INFO - 登出操作完成
2026-04-29 14:19:16,522 - INFO - ✅ 成功回到登录页面
2026-04-29 14:19:16,523 - INFO - ✅ 步骤0: 登出，确保从登出状态开始测试 - 完成
2026-04-29 14:19:18,570 - INFO - 🔄 步骤1: 验证在APP首页（登录页面）
2026-04-29 14:19:18,850 - INFO - ✅ 步骤1: 验证在APP首页（登录页面） - 完成，确认在APP首页（登录页面）
2026-04-29 14:19:20,855 - INFO - 🔄 步骤2: 点击Sign Up按钮进入注册页面
2026-04-29 14:19:21,878 - INFO - ✅ 步骤2: 点击Sign Up按钮进入注册页面 - 完成
2026-04-29 14:19:24,882 - INFO - 🔄 步骤3: 验证进入Sign Up页面
2026-04-29 14:19:25,170 - INFO - ✅ 步骤3: 验证进入Sign Up页面 - 完成，确认已进入Sign Up注册页面
2026-04-29 14:19:27,176 - INFO - 🔄 步骤4: 输入邮箱
2026-04-29 14:19:27,185 - INFO - 📧 生成简单邮箱地址: testuser81@163.com
2026-04-29 14:19:29,194 - INFO - ✅ 步骤4: 输入邮箱 - 完成，邮箱: testuser81@163.com
2026-04-29 14:19:31,201 - INFO - 🔄 步骤5: 勾选隐私政策和用户协议
2026-04-29 14:19:37,456 - INFO - ✅ 隐私政策复选框已勾选
2026-04-29 14:19:38,962 - INFO - 🔄 步骤5.1: 收起键盘（Done）
2026-04-29 14:19:40,291 - INFO - ✅ 已点击Done收起键盘
2026-04-29 14:19:41,295 - INFO - 🔄 步骤6: 点击Next进入set password页面
2026-04-29 14:19:42,051 - INFO - ✅ 步骤6: 点击Next进入set password页面 - 完成，已点击Next按钮
2026-04-29 14:19:45,054 - INFO - 🔄 步骤7: 验证进入set password页面
2026-04-29 14:19:45,440 - INFO - ✅ 成功进入set password页面
2026-04-29 14:19:46,942 - INFO - 🔄 步骤8: 输入密码并确认
2026-04-29 14:19:48,875 - INFO - ✅ 已输入密码: XINGmai12?
2026-04-29 14:19:50,846 - INFO - ✅ 已输入确认密码: XINGmai12?
2026-04-29 14:19:53,132 - INFO - ✅ 密码页已点击Done收起键盘
2026-04-29 14:19:54,135 - INFO - 🔄 步骤9: 点击Next进入用户名页面
2026-04-29 14:19:55,161 - INFO - ✅ 已点击密码页Next按钮
2026-04-29 14:19:58,164 - INFO - 🔄 步骤10: 用户名页面点击Skip并验证主页面
2026-04-29 14:20:10,828 - INFO - ✅ 找到Skip元素: //XCUIElementTypeButton[@name="Skip"]
2026-04-29 14:20:11,240 - INFO - ✅ 已点击Skip跳过用户名
2026-04-29 14:20:14,457 - INFO - ✅ 主页面标识元素存在: //XCUIElementTypeButton[@name="home sel"]
2026-04-29 14:20:15,461 - INFO - 🎉 测试用例102234执行成功！
2026-04-29 14:20:15,462 - INFO - ✅ 数字+大+小写+字符密码可正常跳转，成功到主页面
2026-04-29 14:20:17,530 - INFO - ✅ 报告已生成: /Users/ambrose.chen/Desktop/iot/project/APP外壳/2测试报告/platform/ios_20260429_141852/ios_20260429_141852_report.xlsx
