2026-04-09 10:58:19,124 - INFO - 🚀 启动 iOS AI设置-隐私政策校验脚本
2026-04-09 10:58:19,124 - INFO - 📱 设备: iPhone 16 pro max
2026-04-09 10:58:19,124 - INFO - 🌐 语言列表: ['English', 'Français', 'Italiano', 'Deutsch', 'Español', 'Português']
2026-04-09 10:58:19,124 - INFO - 🔗 尝试连接 Appium: http://127.0.0.1:4736
2026-04-09 10:58:19,698 - INFO - ✅ iOS 驱动创建成功
2026-04-09 10:58:19,699 - INFO - 
2026-04-09 10:58:19,699 - INFO - ================================================================================
2026-04-09 10:58:19,699 - INFO - 🌐 开始校验语言: English
2026-04-09 10:58:19,699 - INFO - ================================================================================
2026-04-09 10:58:19,700 - INFO - 📚 [English] 识别到以下目标文案文件：
2026-04-09 10:58:19,701 - INFO -    - /Users/ambrose.chen/Desktop/iot/project/P0022-S1MAX/1共用脚本/隐私政策&用户协议 HTML格式/EN/Privacy Policy for AI-enabled Intelligent Recognition1226.html
2026-04-09 10:58:19,702 - INFO - 📚 [English] 目标文案来源: /Users/ambrose.chen/Desktop/iot/project/P0022-S1MAX/1共用脚本/隐私政策&用户协议 HTML格式
2026-04-09 10:58:19,703 - INFO - 📚 [English] 已加载目标文案块 1 条
2026-04-09 11:00:00,456 - INFO - 🔄 步骤1: 重启 APP（不清除数据）
2026-04-09 11:00:09,920 - INFO - ➡️ 步骤2: 进入 APP 主页面
2026-04-09 11:00:10,964 - INFO - ✅ 点击主页面入口成功: //XCUIElementTypeButton[@name="device enter"]
2026-04-09 11:00:12,969 - INFO - ⚙️ 步骤3: 点击右上角设置按钮进入设置页
2026-04-09 11:00:42,699 - INFO - ✅ 点击设置入口成功: 坐标兜底(400,100)
2026-04-09 11:00:46,957 - INFO - ⚙️ 步骤4: 进入 AI 设置页面
2026-04-09 11:00:47,988 - INFO - ✅ 点击AI设置入口成功: (//XCUIElementTypeOther[@name="AI Setting"])[3]
2026-04-09 11:00:50,190 - INFO - 📄 步骤5: 点击数据共享按钮
2026-04-09 11:00:51,263 - INFO - ✅ 点击数据共享成功: //XCUIElementTypeOther[@name="Data Sharing"]
2026-04-09 11:02:00,237 - INFO - ℹ️ 全量抓取停止：页面重复且无新增（轮次 5/18）
2026-04-09 11:02:00,271 - INFO - ✅ 语言 English 校验完成，结果: P，AI隐私页语种: English，语种结果: P，文案结果: P
2026-04-09 11:02:00,271 - INFO - 
2026-04-09 11:02:00,271 - INFO - ================================================================================
2026-04-09 11:02:00,271 - INFO - 🌐 开始校验语言: Français
2026-04-09 11:02:00,271 - INFO - ================================================================================
2026-04-09 11:02:00,281 - INFO - 📚 [Français] 识别到以下目标文案文件：
2026-04-09 11:02:00,282 - INFO -    - /Users/ambrose.chen/Desktop/iot/project/P0022-S1MAX/1共用脚本/隐私政策&用户协议 HTML格式/FR/Privacy Policy for AI-enabled Intelligent Recognition-1129_FR.html
2026-04-09 11:02:00,295 - INFO - 📚 [Français] 目标文案来源: /Users/ambrose.chen/Desktop/iot/project/P0022-S1MAX/1共用脚本/隐私政策&用户协议 HTML格式
2026-04-09 11:02:00,296 - INFO - 📚 [Français] 已加载目标文案块 1 条
2026-04-09 11:03:37,820 - INFO - 🔄 步骤1: 重启 APP（不清除数据）
2026-04-09 11:03:47,289 - INFO - ➡️ 步骤2: 进入 APP 主页面
2026-04-09 11:03:48,349 - INFO - ✅ 点击主页面入口成功: //XCUIElementTypeButton[@name="device enter"]
2026-04-09 11:03:50,353 - INFO - ⚙️ 步骤3: 点击右上角设置按钮进入设置页
2026-04-09 11:04:20,117 - INFO - ✅ 点击设置入口成功: 坐标兜底(400,100)
2026-04-09 11:04:24,392 - INFO - ⚙️ 步骤4: 进入 AI 设置页面
2026-04-09 11:04:25,413 - INFO - ✅ 点击AI设置入口成功: (//XCUIElementTypeOther[@name="Paramètres IA"])[3]
2026-04-09 11:04:27,615 - INFO - 📄 步骤5: 点击数据共享按钮
2026-04-09 11:04:28,666 - INFO - ✅ 点击数据共享成功: //XCUIElementTypeOther[@name="Partage des données"]
2026-04-09 11:05:37,779 - INFO - ℹ️ 全量抓取停止：页面重复且无新增（轮次 5/18）
2026-04-09 11:05:37,809 - INFO - ✅ 语言 Français 校验完成，结果: P，AI隐私页语种: Français，语种结果: P，文案结果: P
2026-04-09 11:05:37,809 - INFO - 
2026-04-09 11:05:37,809 - INFO - ================================================================================
2026-04-09 11:05:37,809 - INFO - 🌐 开始校验语言: Italiano
2026-04-09 11:05:37,809 - INFO - ================================================================================
2026-04-09 11:05:37,812 - INFO - 📚 [Italiano] 识别到以下目标文案文件：
2026-04-09 11:05:37,812 - INFO -    - /Users/ambrose.chen/Desktop/iot/project/P0022-S1MAX/1共用脚本/隐私政策&用户协议 HTML格式/IT/Privacy Policy for AI-enabled Intelligent Recognition-1129_IT.html
2026-04-09 11:05:37,814 - INFO - 📚 [Italiano] 目标文案来源: /Users/ambrose.chen/Desktop/iot/project/P0022-S1MAX/1共用脚本/隐私政策&用户协议 HTML格式
2026-04-09 11:05:37,814 - INFO - 📚 [Italiano] 已加载目标文案块 1 条
2026-04-09 11:07:18,537 - INFO - 🔄 步骤1: 重启 APP（不清除数据）
2026-04-09 11:07:27,973 - INFO - ➡️ 步骤2: 进入 APP 主页面
2026-04-09 11:07:29,055 - INFO - ✅ 点击主页面入口成功: //XCUIElementTypeButton[@name="device enter"]
2026-04-09 11:07:31,059 - INFO - ⚙️ 步骤3: 点击右上角设置按钮进入设置页
2026-04-09 11:08:00,817 - INFO - ✅ 点击设置入口成功: 坐标兜底(400,100)
2026-04-09 11:08:05,061 - INFO - ⚙️ 步骤4: 进入 AI 设置页面
2026-04-09 11:09:41,716 - INFO - ✅ 点击AI设置入口成功: (//XCUIElementTypeOther[@name="Impostazione IA"])[3]
2026-04-09 11:09:43,922 - INFO - 📄 步骤5: 点击数据共享按钮
2026-04-09 11:09:44,975 - INFO - ✅ 点击数据共享成功: //XCUIElementTypeOther[@name="Condivisione dei dati"]
2026-04-09 11:10:53,964 - INFO - ℹ️ 全量抓取停止：页面重复且无新增（轮次 5/18）
2026-04-09 11:10:53,993 - INFO - ✅ 语言 Italiano 校验完成，结果: P，AI隐私页语种: Italiano，语种结果: P，文案结果: P
2026-04-09 11:10:53,993 - INFO - 
2026-04-09 11:10:53,993 - INFO - ================================================================================
2026-04-09 11:10:53,993 - INFO - 🌐 开始校验语言: Deutsch
2026-04-09 11:10:53,993 - INFO - ================================================================================
2026-04-09 11:10:53,996 - INFO - 📚 [Deutsch] 识别到以下目标文案文件：
2026-04-09 11:10:53,996 - INFO -    - /Users/ambrose.chen/Desktop/iot/project/P0022-S1MAX/1共用脚本/隐私政策&用户协议 HTML格式/DE/Privacy Policy for AI-enabled Intelligent Recognition-1129_DE.html
2026-04-09 11:10:53,998 - INFO - 📚 [Deutsch] 目标文案来源: /Users/ambrose.chen/Desktop/iot/project/P0022-S1MAX/1共用脚本/隐私政策&用户协议 HTML格式
2026-04-09 11:10:53,999 - INFO - 📚 [Deutsch] 已加载目标文案块 1 条
2026-04-09 11:12:50,329 - INFO - 🔄 步骤1: 重启 APP（不清除数据）
2026-04-09 11:12:59,814 - INFO - ➡️ 步骤2: 进入 APP 主页面
2026-04-09 11:13:00,878 - INFO - ✅ 点击主页面入口成功: //XCUIElementTypeButton[@name="device enter"]
2026-04-09 11:13:02,882 - INFO - ⚙️ 步骤3: 点击右上角设置按钮进入设置页
2026-04-09 11:13:32,639 - INFO - ✅ 点击设置入口成功: 坐标兜底(400,100)
2026-04-09 11:13:36,886 - INFO - ⚙️ 步骤4: 进入 AI 设置页面
2026-04-09 11:14:25,632 - INFO - ✅ 点击AI设置入口成功: (//XCUIElementTypeOther[@name="KI-Einstellung"])[3]
2026-04-09 11:14:27,837 - INFO - 📄 步骤5: 点击数据共享按钮
2026-04-09 11:14:28,922 - INFO - ✅ 点击数据共享成功: //XCUIElementTypeOther[@name="Daten weitergeben"]
2026-04-09 11:15:37,661 - INFO - ℹ️ 全量抓取停止：页面重复且无新增（轮次 5/18）
2026-04-09 11:15:37,684 - INFO - ✅ 语言 Deutsch 校验完成，结果: P，AI隐私页语种: Deutsch，语种结果: P，文案结果: P
2026-04-09 11:15:37,684 - INFO - 
2026-04-09 11:15:37,684 - INFO - ================================================================================
2026-04-09 11:15:37,684 - INFO - 🌐 开始校验语言: Español
2026-04-09 11:15:37,684 - INFO - ================================================================================
2026-04-09 11:15:37,687 - INFO - 📚 [Español] 识别到以下目标文案文件：
2026-04-09 11:15:37,687 - INFO -    - /Users/ambrose.chen/Desktop/iot/project/P0022-S1MAX/1共用脚本/隐私政策&用户协议 HTML格式/ES/Privacy Policy for AI-enabled Intelligent Recognition-1129_ES.html
2026-04-09 11:15:37,688 - INFO - 📚 [Español] 目标文案来源: /Users/ambrose.chen/Desktop/iot/project/P0022-S1MAX/1共用脚本/隐私政策&用户协议 HTML格式
2026-04-09 11:15:37,688 - INFO - 📚 [Español] 已加载目标文案块 1 条
2026-04-09 11:17:43,266 - INFO - 🔄 步骤1: 重启 APP（不清除数据）
2026-04-09 11:17:52,712 - INFO - ➡️ 步骤2: 进入 APP 主页面
2026-04-09 11:17:53,789 - INFO - ✅ 点击主页面入口成功: //XCUIElementTypeButton[@name="device enter"]
2026-04-09 11:17:55,794 - INFO - ⚙️ 步骤3: 点击右上角设置按钮进入设置页
2026-04-09 11:18:25,532 - INFO - ✅ 点击设置入口成功: 坐标兜底(400,100)
2026-04-09 11:18:29,770 - INFO - ⚙️ 步骤4: 进入 AI 设置页面
2026-04-09 11:18:30,775 - INFO - ✅ 点击AI设置入口成功: (//XCUIElementTypeOther[@name="Configuración de IA"])[3]
2026-04-09 11:18:32,979 - INFO - 📄 步骤5: 点击数据共享按钮
2026-04-09 11:18:34,071 - INFO - ✅ 点击数据共享成功: //XCUIElementTypeOther[@name="Compartir datos"]
2026-04-09 11:19:43,235 - INFO - ℹ️ 全量抓取停止：页面重复且无新增（轮次 5/18）
2026-04-09 11:19:43,254 - INFO - ✅ 语言 Español 校验完成，结果: P，AI隐私页语种: Español，语种结果: P，文案结果: P
2026-04-09 11:19:43,254 - INFO - 
2026-04-09 11:19:43,255 - INFO - ================================================================================
2026-04-09 11:19:43,255 - INFO - 🌐 开始校验语言: Português
2026-04-09 11:19:43,255 - INFO - ================================================================================
2026-04-09 11:19:43,257 - INFO - 📚 [Português] 识别到以下目标文案文件：
2026-04-09 11:19:43,257 - INFO -    - /Users/ambrose.chen/Desktop/iot/project/P0022-S1MAX/1共用脚本/隐私政策&用户协议 HTML格式/BR/Privacy Policy for AI-enabled Intelligent Recognition1226_BR.html
2026-04-09 11:19:43,258 - INFO - 📚 [Português] 目标文案来源: /Users/ambrose.chen/Desktop/iot/project/P0022-S1MAX/1共用脚本/隐私政策&用户协议 HTML格式
2026-04-09 11:19:43,259 - INFO - 📚 [Português] 已加载目标文案块 1 条
2026-04-09 11:21:23,917 - INFO - 🔄 步骤1: 重启 APP（不清除数据）
2026-04-09 11:21:33,372 - INFO - ➡️ 步骤2: 进入 APP 主页面
2026-04-09 11:21:34,441 - INFO - ✅ 点击主页面入口成功: //XCUIElementTypeButton[@name="device enter"]
2026-04-09 11:21:36,447 - INFO - ⚙️ 步骤3: 点击右上角设置按钮进入设置页
2026-04-09 11:22:06,268 - INFO - ✅ 点击设置入口成功: 坐标兜底(400,100)
2026-04-09 11:22:10,552 - INFO - ⚙️ 步骤4: 进入 AI 设置页面
2026-04-09 11:23:47,051 - INFO - ✅ 点击AI设置入口成功: (//XCUIElementTypeOther[@name="Configuração de IA"])[3]
2026-04-09 11:23:49,258 - INFO - 📄 步骤5: 点击数据共享按钮
2026-04-09 11:23:50,437 - INFO - ✅ 点击数据共享成功: //XCUIElementTypeOther[@name="Compartilhamento de dados"]
2026-04-09 11:24:59,296 - INFO - ℹ️ 全量抓取停止：页面重复且无新增（轮次 5/18）
2026-04-09 11:24:59,313 - INFO - ✅ 语言 Português 校验完成，结果: P，AI隐私页语种: Português，语种结果: P，文案结果: P
2026-04-09 11:24:59,342 - INFO - ✅ Excel 报告已生成: /Users/ambrose.chen/Desktop/iot/project/P0022-S1MAX/2测试报告/iPhone 16 pro max_iOS_AI设置-隐私政策_20260409_105819/iPhone 16 pro max_iOS_AI设置-隐私政策_20260409_105819.xlsx
2026-04-09 11:24:59,367 - INFO - ✅ 驱动已关闭
