2026-04-29 09:43:29,161 - INFO - 🔄 步骤0: 登出，确保从登出状态开始测试
2026-04-29 09:43:29,161 - INFO - 开始登出流程...
2026-04-29 09:44:00,139 - INFO - 未检测到home sel/mine sel/mine，跳过登出流程
2026-04-29 09:44:00,141 - INFO - ✅ 步骤0: 登出，确保从登出状态开始测试 - 完成
2026-04-29 09:44:02,143 - INFO - 🔄 步骤1: 验证在APP首页（登录页面）
2026-04-29 09:44:02,351 - INFO - ✅ 步骤1: 验证在APP首页（登录页面） - 完成，确认在APP首页（登录页面）
2026-04-29 09:44:04,354 - INFO - 🔄 步骤2: 点击Sign Up按钮进入注册页面
2026-04-29 09:44:05,332 - INFO - ✅ 步骤2: 点击Sign Up按钮进入注册页面 - 完成
2026-04-29 09:44:08,338 - INFO - 🔄 步骤3: 验证进入Sign Up页面
2026-04-29 09:44:08,782 - INFO - ✅ 步骤3: 验证进入Sign Up页面 - 完成，确认已进入Sign Up注册页面
2026-04-29 09:44:10,825 - INFO - 🔄 步骤4: 邮箱输入错误格式
2026-04-29 09:44:12,748 - INFO - ✅ 步骤4: 邮箱输入错误格式 - 完成，输入错误邮箱: asd@gmail@163.com
2026-04-29 09:44:14,751 - INFO - 🔄 步骤5: 勾选隐私政策和用户协议
2026-04-29 09:44:20,851 - INFO - ✅ 隐私政策复选框已勾选
2026-04-29 09:44:22,357 - INFO - 🔄 步骤5.1: 收起键盘（Done）
2026-04-29 09:44:23,701 - INFO - ✅ 已点击Done收起键盘
2026-04-29 09:44:24,709 - INFO - 🔄 步骤6: 点击Next按钮
2026-04-29 09:44:25,377 - INFO - ✅ 步骤6: 点击Next按钮 - 完成，已点击Next按钮
2026-04-29 09:44:27,379 - INFO - 🔄 步骤7: 验证停留当前页面并出现提示
2026-04-29 09:44:38,410 - INFO - ✅ 找到提示信息元素，选择器: //XCUIElementTypeStaticText[@name="Please sign up using your email address"]
2026-04-29 09:44:38,421 - INFO - ✅ 步骤7: 验证停留当前页面并出现提示 - 完成，提示信息: Please sign up using your email address
2026-04-29 09:44:40,426 - INFO - 🎉 测试用例102218执行成功！
2026-04-29 09:44:40,426 - INFO - ✅ 验证错误邮箱 asd@gmail@163.com 勾选隐私后点击Next，停留当前页并提示“Please sign up using your email address”
2026-04-29 09:44:42,471 - INFO - ✅ 报告已生成: /Users/ambrose.chen/Desktop/iot/project/APP外壳/2测试报告/platform/ios_20260429_094327/ios_20260429_094327_report.xlsx
