2026-04-29 10:56:19,301 - INFO - 🔄 步骤0: 登出，确保从登出状态开始测试
2026-04-29 10:56:19,301 - INFO - 开始登出流程...
2026-04-29 10:56:50,364 - INFO - 未检测到home sel/mine sel/mine，跳过登出流程
2026-04-29 10:56:50,372 - INFO - ✅ 步骤0: 登出，确保从登出状态开始测试 - 完成
2026-04-29 10:56:52,376 - INFO - 🔄 步骤1: 验证在APP首页（登录页面）
2026-04-29 10:56:52,568 - INFO - ✅ 步骤1: 验证在APP首页（登录页面） - 完成，确认在APP首页（登录页面）
2026-04-29 10:56:54,572 - INFO - 🔄 步骤2: 点击Sign Up按钮进入注册页面
2026-04-29 10:56:55,550 - INFO - ✅ 步骤2: 点击Sign Up按钮进入注册页面 - 完成
2026-04-29 10:56:58,557 - INFO - 🔄 步骤3: 验证进入Sign Up页面
2026-04-29 10:56:58,834 - INFO - ✅ 步骤3: 验证进入Sign Up页面 - 完成，确认已进入Sign Up注册页面
2026-04-29 10:57:00,839 - INFO - 🔄 步骤4: 输入已注册邮箱
2026-04-29 10:57:02,751 - INFO - ✅ 步骤4: 输入已注册邮箱 - 完成，输入邮箱: haoc51888@gmail.com
2026-04-29 10:57:04,757 - INFO - 🔄 步骤5: 勾选隐私政策和用户协议
2026-04-29 10:57:10,717 - INFO - ✅ 隐私政策复选框已勾选
2026-04-29 10:57:12,221 - INFO - 🔄 步骤5.1: 收起键盘（Done）
2026-04-29 10:57:13,510 - INFO - ✅ 已点击Done收起键盘
2026-04-29 10:57:14,515 - INFO - 🔄 步骤6: 点击Next按钮
2026-04-29 10:57:15,215 - INFO - ✅ 步骤6: 点击Next按钮 - 完成，已点击Next按钮
2026-04-29 10:57:17,220 - INFO - 🔄 步骤7: 验证弹框提示已注册
2026-04-29 10:57:17,496 - INFO - ✅ 弹框提示已注册: This email is already registered. Ready to sign in now?
2026-04-29 10:57:18,498 - INFO - 🔄 步骤8: 点击Cancel
2026-04-29 10:57:19,275 - INFO - ✅ 已点击Cancel
2026-04-29 10:57:21,280 - INFO - 🔄 步骤9: 断言仍停留在注册页面
2026-04-29 10:57:21,529 - INFO - ✅ 步骤9: 断言仍停留在注册页面 - 完成，仍停留在注册页面
2026-04-29 10:57:22,534 - INFO - 🎉 测试用例102220执行成功！
2026-04-29 10:57:22,534 - INFO - ✅ 已注册邮箱再次注册，弹框后点击Cancel，仍停留在注册页
2026-04-29 10:57:24,580 - INFO - ✅ 报告已生成: /Users/ambrose.chen/Desktop/iot/project/APP外壳/2测试报告/platform/ios_20260429_105617/ios_20260429_105617_report.xlsx
