2026-04-29 11:23:36,281 - INFO - 🔄 步骤0: 登出，确保从登出状态开始测试
2026-04-29 11:23:36,282 - INFO - 开始登出流程...
2026-04-29 11:24:07,287 - INFO - 未检测到home sel/mine sel/mine，跳过登出流程
2026-04-29 11:24:07,290 - INFO - ✅ 步骤0: 登出，确保从登出状态开始测试 - 完成
2026-04-29 11:24:09,293 - INFO - 🔄 步骤1: 验证在APP首页（登录页面）
2026-04-29 11:24:09,516 - INFO - ✅ 步骤1: 验证在APP首页（登录页面） - 完成，确认在APP首页（登录页面）
2026-04-29 11:24:11,521 - INFO - 🔄 步骤2: 点击Sign Up按钮进入注册页面
2026-04-29 11:24:12,490 - INFO - ✅ 步骤2: 点击Sign Up按钮进入注册页面 - 完成
2026-04-29 11:24:15,495 - INFO - 🔄 步骤3: 验证进入Sign Up页面
2026-04-29 11:24:15,758 - INFO - ✅ 步骤3: 验证进入Sign Up页面 - 完成，确认已进入Sign Up注册页面
2026-04-29 11:24:17,759 - INFO - 🔄 步骤4: 输入邮箱
2026-04-29 11:24:17,782 - INFO - 📧 生成简单邮箱地址: testuser69@163.com
2026-04-29 11:24:19,728 - INFO - ✅ 步骤4: 输入邮箱 - 完成，邮箱: testuser69@163.com
2026-04-29 11:24:21,729 - INFO - 🔄 步骤5: 勾选隐私政策和用户协议
2026-04-29 11:24:27,783 - INFO - ✅ 隐私政策复选框已勾选
2026-04-29 11:24:29,287 - INFO - 🔄 步骤5.1: 收起键盘（Done）
2026-04-29 11:24:30,615 - INFO - ✅ 已点击Done收起键盘
2026-04-29 11:24:31,620 - INFO - 🔄 步骤6: 点击Next进入set password页面
2026-04-29 11:24:32,336 - INFO - ✅ 步骤6: 点击Next进入set password页面 - 完成，已点击Next按钮
2026-04-29 11:24:35,341 - INFO - 🔄 步骤7: 验证进入set password页面
2026-04-29 11:24:35,639 - INFO - ✅ 成功进入set password页面
2026-04-29 11:24:37,141 - INFO - 🔄 步骤8: 输入密码并验证规则提示为灰色
2026-04-29 11:24:38,848 - INFO - ✅ 已输入密码: Csx150128
2026-04-29 11:24:41,080 - INFO - ❌ 步骤8: 输入密码并验证规则提示为灰色失败: 规则提示颜色不是灰色: //XCUIElementTypeStaticText[@name="• 6-20 characters"]，采集到颜色信息: ['• 6-20 characters']
assert False
2026-04-29 11:24:41,081 - INFO - 
============================================================
2026-04-29 11:24:41,081 - INFO - ❌ 测试失败
2026-04-29 11:24:41,081 - INFO - 📍 失败步骤: 步骤8: 输入密码并验证规则提示为灰色
2026-04-29 11:24:41,081 - INFO - 📝 失败原因: 步骤8: 输入密码并验证规则提示为灰色失败: 规则提示颜色不是灰色: //XCUIElementTypeStaticText[@name="• 6-20 characters"]，采集到颜色信息: ['• 6-20 characters']
assert False
2026-04-29 11:24:41,081 - INFO - ============================================================
2026-04-29 11:24:41,086 - INFO - Traceback (most recent call last):

2026-04-29 11:24:41,090 - INFO -   File "/Users/ambrose.chen/Desktop/iot/project/APP外壳/3功能/1平台/IOS/2注册/102223 验证“设置密码”页面的密码规则默认为灰色.py", line 327, in test_102223
    assert is_gray, f"规则提示颜色不是灰色: {sel}，采集到颜色信息: {unique_candidates}"

2026-04-29 11:24:41,090 - INFO - AssertionError: 规则提示颜色不是灰色: //XCUIElementTypeStaticText[@name="• 6-20 characters"]，采集到颜色信息: ['• 6-20 characters']
assert False

2026-04-29 11:24:41,372 - INFO - 已保存test_102223_failed失败截图: screenshots/test_102223_failed_1777433081.png
2026-04-29 11:24:41,405 - INFO - ✅ 报告已生成: /Users/ambrose.chen/Desktop/iot/project/APP外壳/2测试报告/platform/ios_20260429_112333/ios_20260429_112333_report.xlsx
