2026-04-28 16:20:07,750 - INFO - 🔄 步骤0: 登出，确保从登出状态开始测试
2026-04-28 16:20:07,751 - INFO - 开始登出流程...
2026-04-28 16:20:38,721 - INFO - 未检测到home sel/mine sel/mine，跳过登出流程
2026-04-28 16:20:38,723 - INFO - ✅ 步骤0: 登出，确保从登出状态开始测试 - 完成
2026-04-28 16:20:40,726 - INFO - 🔄 步骤1: 验证在APP首页（登录页面）
2026-04-28 16:20:40,915 - INFO - ✅ 步骤1: 验证在APP首页（登录页面） - 完成，确认在APP首页（登录页面）
2026-04-28 16:20:42,918 - INFO - 🔄 步骤2: 点击Sign Up按钮进入注册页面
2026-04-28 16:20:43,886 - INFO - ✅ 步骤2: 点击Sign Up按钮进入注册页面 - 完成
2026-04-28 16:20:46,889 - INFO - 🔄 步骤3: 验证进入Sign Up页面
2026-04-28 16:20:47,124 - INFO - ✅ 步骤3: 验证进入Sign Up页面 - 完成，确认已进入Sign Up注册页面
2026-04-28 16:20:49,132 - INFO - 🔄 步骤4: 邮箱输入包含中文的错误邮箱
2026-04-28 16:20:51,083 - INFO - ✅ 步骤4: 邮箱输入包含中文的错误邮箱 - 完成，输入错误邮箱: 102213中国@gmail.com
2026-04-28 16:20:53,088 - INFO - 🔄 步骤5: 勾选隐私政策和用户协议
2026-04-28 16:20:59,051 - INFO - ✅ 隐私政策复选框已勾选
2026-04-28 16:21:00,557 - INFO - 🔄 步骤5.1: 收起键盘（Done）
2026-04-28 16:21:01,866 - INFO - ✅ 已点击Done收起键盘
2026-04-28 16:21:02,869 - INFO - 🔄 步骤6: 点击Next按钮
2026-04-28 16:21:03,547 - INFO - ✅ 步骤6: 点击Next按钮 - 完成，已点击Next按钮
2026-04-28 16:21:05,549 - INFO - 🔄 步骤7: 验证停留当前页面并出现提示
2026-04-28 16:21:06,068 - INFO - ✅ 找到提示信息元素，选择器: //XCUIElementTypeStaticText[@name="Please sign up using your email address"]
2026-04-28 16:21:06,069 - INFO - ✅ 步骤7: 验证停留当前页面并出现提示 - 完成，提示信息: Please sign up using your email address
2026-04-28 16:21:08,072 - INFO - 🎉 测试用例102213执行成功！
2026-04-28 16:21:08,073 - INFO - ✅ 验证错误邮箱（包含中文）勾选隐私后点击Next，停留当前页并提示“Please sign up using your email address”
2026-04-28 16:21:10,119 - INFO - ✅ 报告已生成: /Users/ambrose.chen/Desktop/iot/project/APP外壳/2测试报告/platform/ios_20260428_162004/ios_20260428_162004_report.xlsx
