2026-04-29 14:41:55,206 - INFO - 🔄 步骤0: 登出，确保从登出状态开始测试
2026-04-29 14:41:55,208 - INFO - 开始登出流程...
2026-04-29 14:42:26,251 - INFO - 未检测到home sel/mine sel/mine，跳过登出流程
2026-04-29 14:42:26,258 - INFO - ✅ 步骤0: 登出，确保从登出状态开始测试 - 完成
2026-04-29 14:42:28,258 - INFO - 🔄 步骤1: 验证在APP首页（登录页面）
2026-04-29 14:42:28,475 - INFO - ✅ 步骤1: 验证在APP首页（登录页面） - 完成，确认在APP首页（登录页面）
2026-04-29 14:42:30,475 - INFO - 🔄 步骤2: 点击Sign Up按钮进入注册页面
2026-04-29 14:42:31,475 - INFO - ✅ 步骤2: 点击Sign Up按钮进入注册页面 - 完成
2026-04-29 14:42:34,479 - INFO - 🔄 步骤3: 验证进入Sign Up页面
2026-04-29 14:42:34,769 - INFO - ✅ 步骤3: 验证进入Sign Up页面 - 完成，确认已进入Sign Up注册页面
2026-04-29 14:42:36,772 - INFO - 🔄 步骤4: 输入邮箱
2026-04-29 14:42:36,783 - INFO - 📧 生成简单邮箱地址: testuser91@163.com
2026-04-29 14:42:38,731 - INFO - ✅ 步骤4: 输入邮箱 - 完成，邮箱: testuser91@163.com
2026-04-29 14:42:40,736 - INFO - 🔄 步骤5: 勾选隐私政策和用户协议
2026-04-29 14:42:46,728 - INFO - ✅ 隐私政策复选框已勾选
2026-04-29 14:42:48,235 - INFO - 🔄 步骤5.1: 收起键盘（Done）
2026-04-29 14:42:49,537 - INFO - ✅ 已点击Done收起键盘
2026-04-29 14:42:50,541 - INFO - 🔄 步骤6: 点击Next进入set password页面
2026-04-29 14:42:51,253 - INFO - ✅ 步骤6: 点击Next进入set password页面 - 完成，已点击Next按钮
2026-04-29 14:42:54,255 - INFO - 🔄 步骤7: 验证进入set password页面
2026-04-29 14:42:54,594 - INFO - ✅ 成功进入set password页面
2026-04-29 14:42:56,100 - INFO - 🔄 步骤8: 输入不一致的密码和确认密码
2026-04-29 14:42:58,005 - INFO - ✅ 已输入密码: Csx150128
2026-04-29 14:43:00,153 - INFO - ✅ 已输入确认密码(不一致): Csx1501
2026-04-29 14:43:02,439 - INFO - ✅ 密码页已点击Done收起键盘
2026-04-29 14:43:03,444 - INFO - 🔄 步骤9: 点击Next验证仍停留并提示密码不一致
2026-04-29 14:43:04,017 - INFO - ✅ 已尝试点击密码页Next按钮
2026-04-29 14:43:06,628 - INFO - ✅ 提示已显示: Password mismatch，页面未跳转
2026-04-29 14:43:07,630 - INFO - 🎉 测试用例102243执行成功！
2026-04-29 14:43:07,631 - INFO - ✅ 密码与确认密码不一致时，Next不跳转且提示Password mismatch
2026-04-29 14:43:09,713 - INFO - ✅ 报告已生成: /Users/ambrose.chen/Desktop/iot/project/APP外壳/2测试报告/platform/ios_20260429_144153/ios_20260429_144153_report.xlsx
