2026-04-29 11:11:22,687 - INFO - 🔄 步骤0: 登出，确保从登出状态开始测试
2026-04-29 11:11:22,688 - INFO - 开始登出流程...
2026-04-29 11:11:53,681 - INFO - 未检测到home sel/mine sel/mine，跳过登出流程
2026-04-29 11:11:53,682 - INFO - ✅ 步骤0: 登出，确保从登出状态开始测试 - 完成
2026-04-29 11:11:55,687 - INFO - 🔄 步骤1: 验证在APP首页（登录页面）
2026-04-29 11:11:55,875 - INFO - ✅ 步骤1: 验证在APP首页（登录页面） - 完成，确认在APP首页（登录页面）
2026-04-29 11:11:57,879 - INFO - 🔄 步骤2: 点击Sign Up按钮进入注册页面
2026-04-29 11:11:58,849 - INFO - ✅ 步骤2: 点击Sign Up按钮进入注册页面 - 完成
2026-04-29 11:12:01,854 - INFO - 🔄 步骤3: 验证进入Sign Up页面
2026-04-29 11:12:02,128 - INFO - ✅ 步骤3: 验证进入Sign Up页面 - 完成，确认已进入Sign Up注册页面
2026-04-29 11:12:04,129 - INFO - 🔄 步骤4: 输入邮箱
2026-04-29 11:12:04,134 - INFO - 📧 生成简单邮箱地址: testuser67@163.com
2026-04-29 11:12:06,079 - INFO - ✅ 步骤4: 输入邮箱 - 完成，邮箱: testuser67@163.com
2026-04-29 11:12:08,082 - INFO - 🔄 步骤5: 勾选隐私政策和用户协议
2026-04-29 11:12:14,354 - INFO - ✅ 隐私政策复选框已勾选
2026-04-29 11:12:15,862 - INFO - 🔄 步骤5.1: 收起键盘（Done）
2026-04-29 11:12:17,216 - INFO - ✅ 已点击Done收起键盘
2026-04-29 11:12:18,221 - INFO - 🔄 步骤6: 点击Next进入set password页面
2026-04-29 11:12:18,953 - INFO - ✅ 步骤6: 点击Next进入set password页面 - 完成，已点击Next按钮
2026-04-29 11:12:21,960 - INFO - 🔄 步骤7: 验证进入set password页面
2026-04-29 11:12:22,276 - INFO - ✅ 成功进入set password页面
2026-04-29 11:12:23,782 - INFO - 🔄 步骤8: 不输入密码验证Next不可点击，点击后仍停留本页
2026-04-29 11:12:23,997 - INFO - 📝 密码页Next按钮enabled状态: False
2026-04-29 11:12:24,413 - INFO - ✅ 已尝试点击密码页Next按钮
2026-04-29 11:12:26,839 - INFO - ✅ 点击后仍停留在set password页面，Next按钮视为禁用/无效状态
2026-04-29 11:12:27,840 - INFO - 🎉 测试用例102222执行成功！
2026-04-29 11:12:27,841 - INFO - ✅ 验证进入设置密码页面：不填密码时Next为浅色/无效，点击后仍停留在当前页面
2026-04-29 11:12:29,872 - INFO - ✅ 报告已生成: /Users/ambrose.chen/Desktop/iot/project/APP外壳/2测试报告/platform/ios_20260429_111120/ios_20260429_111120_report.xlsx
