2026-04-29 13:51:21,048 - INFO - 🔄 步骤0: 登出，确保从登出状态开始测试
2026-04-29 13:51:21,049 - INFO - 开始登出流程...
2026-04-29 13:51:52,054 - INFO - 未检测到home sel/mine sel/mine，跳过登出流程
2026-04-29 13:51:52,055 - INFO - ✅ 步骤0: 登出，确保从登出状态开始测试 - 完成
2026-04-29 13:51:54,061 - INFO - 🔄 步骤1: 验证在APP首页（登录页面）
2026-04-29 13:51:54,260 - INFO - ✅ 步骤1: 验证在APP首页（登录页面） - 完成，确认在APP首页（登录页面）
2026-04-29 13:51:56,268 - INFO - 🔄 步骤2: 点击Sign Up按钮进入注册页面
2026-04-29 13:51:57,260 - INFO - ✅ 步骤2: 点击Sign Up按钮进入注册页面 - 完成
2026-04-29 13:52:00,266 - INFO - 🔄 步骤3: 验证进入Sign Up页面
2026-04-29 13:52:00,549 - INFO - ✅ 步骤3: 验证进入Sign Up页面 - 完成，确认已进入Sign Up注册页面
2026-04-29 13:52:02,551 - INFO - 🔄 步骤4: 输入邮箱
2026-04-29 13:52:02,559 - INFO - 📧 生成简单邮箱地址: testuser78@163.com
2026-04-29 13:52:04,618 - INFO - ✅ 步骤4: 输入邮箱 - 完成，邮箱: testuser78@163.com
2026-04-29 13:52:06,625 - INFO - 🔄 步骤5: 勾选隐私政策和用户协议
2026-04-29 13:52:12,646 - INFO - ✅ 隐私政策复选框已勾选
2026-04-29 13:52:14,149 - INFO - 🔄 步骤5.1: 收起键盘（Done）
2026-04-29 13:52:15,438 - INFO - ✅ 已点击Done收起键盘
2026-04-29 13:52:16,443 - INFO - 🔄 步骤6: 点击Next进入set password页面
2026-04-29 13:52:17,166 - INFO - ✅ 步骤6: 点击Next进入set password页面 - 完成，已点击Next按钮
2026-04-29 13:52:20,171 - INFO - 🔄 步骤7: 验证进入set password页面
2026-04-29 13:52:20,510 - INFO - ✅ 成功进入set password页面
2026-04-29 13:52:22,014 - INFO - 🔄 步骤8: 输入纯特殊字符密码并验证规则颜色
2026-04-29 13:52:24,336 - INFO - ✅ 已输入密码: !@#$%^&*()-==+\'l[};:/?...~><`
2026-04-29 13:52:26,818 - INFO - ✅ 已输入确认密码: !@#$%^&*()-==+\'l[};:/?...~><`
2026-04-29 13:52:28,246 - INFO - 📝 规则提示: • 6-20 characters 颜色: None
2026-04-29 13:52:28,679 - INFO - 📝 规则提示: • contains letters 颜色: None
2026-04-29 13:52:29,080 - INFO - 📝 规则提示: • contains numbers 颜色: None
2026-04-29 13:52:29,480 - INFO - 📝 规则提示: • Supports special characters:! @ # $ % ^ & * ( ) - _ = + \ | [ ] { } ; : / ? . , ~ > < ` 颜色: None
2026-04-29 13:52:30,722 - INFO - ✅ 密码页已点击Done收起键盘
2026-04-29 13:52:31,728 - INFO - 🔄 步骤9: 点击Next验证仍停留在set password页面
2026-04-29 13:52:32,318 - INFO - ✅ 已尝试点击密码页Next按钮（应无跳转）
2026-04-29 13:52:34,657 - INFO - ✅ 点击后仍停留在set password页面，Next按钮不可使页面跳转
2026-04-29 13:52:35,663 - INFO - 🎉 测试用例102231执行成功！
2026-04-29 13:52:35,663 - INFO - ✅ 纯字符密码规则提示符合预期，Next不可跳转
2026-04-29 13:52:37,717 - INFO - ✅ 报告已生成: /Users/ambrose.chen/Desktop/iot/project/APP外壳/2测试报告/platform/ios_20260429_135118/ios_20260429_135118_report.xlsx
