2026-04-28 13:53:49,764 - INFO - 🔄 步骤0: 登出，确保从登出状态开始测试
2026-04-28 13:53:49,765 - INFO - 开始登出流程...
2026-04-28 13:54:20,725 - INFO - 未检测到home sel/mine sel/mine，跳过登出流程
2026-04-28 13:54:20,731 - INFO - ✅ 步骤0: 登出，确保从登出状态开始测试 - 完成
2026-04-28 13:54:22,737 - INFO - 🔄 步骤1: 验证在APP首页（登录页面）
2026-04-28 13:54:22,937 - INFO - ✅ 步骤1: 验证在APP首页（登录页面） - 完成，确认在APP首页（登录页面）
2026-04-28 13:54:24,944 - INFO - 🔄 步骤2: 点击Sign Up按钮进入注册页面
2026-04-28 13:54:25,925 - INFO - ✅ 步骤2: 点击Sign Up按钮进入注册页面 - 完成
2026-04-28 13:54:28,926 - INFO - 🔄 步骤3: 验证进入Sign Up页面
2026-04-28 13:54:29,166 - INFO - ✅ 步骤3: 验证进入Sign Up页面 - 完成，确认已进入Sign Up注册页面
2026-04-28 13:54:31,170 - INFO - 🔄 步骤4: 输入邮箱
2026-04-28 13:54:31,179 - INFO - 📧 生成简单邮箱地址: testuser64@163.com
2026-04-28 13:54:33,191 - INFO - ✅ 步骤4: 输入邮箱 - 完成，邮箱: testuser64@163.com
2026-04-28 13:54:35,196 - INFO - 🔄 步骤5: 勾选隐私政策和用户协议
2026-04-28 13:54:41,233 - INFO - ✅ 隐私政策复选框已勾选
2026-04-28 13:54:42,737 - INFO - 🔄 步骤5.1: 收起键盘（Done）
2026-04-28 13:54:44,065 - INFO - ✅ 已点击Done收起键盘
2026-04-28 13:54:45,070 - INFO - 🔄 步骤6: 点击Next按钮
2026-04-28 13:54:45,770 - INFO - ✅ 步骤6: 点击Next按钮 - 完成，已点击Next按钮
2026-04-28 13:54:48,777 - INFO - 🔄 步骤7: 验证跳转到set password页面
2026-04-28 13:54:49,261 - INFO - ✅ 步骤7: 验证跳转到set password页面 - 完成
2026-04-28 13:54:49,261 - INFO - ✅ 验证通过：跳转到set password页面，用例执行成功
2026-04-28 13:54:51,263 - INFO - 🎉 测试用例102204执行成功！
2026-04-28 13:54:51,263 - INFO - ✅ 验证勾选隐私政策后再填邮箱，Next变深可点击且跳转到set password页面
2026-04-28 13:54:53,308 - INFO - ✅ 报告已生成: /Users/ambrose.chen/Desktop/iot/project/APP外壳/2测试报告/platform/ios_20260428_135347/ios_20260428_135347_report.xlsx
