2026-04-09 09:00:24,514 - INFO - 🚀 启动 iOS AI设置-隐私政策校验脚本
2026-04-09 09:00:24,514 - INFO - 📱 设备: iPhone 16 pro max
2026-04-09 09:00:24,514 - INFO - 🌐 语言列表: ['English', 'Français', 'Italiano', 'Deutsch', 'Español', 'Português']
2026-04-09 09:00:24,514 - INFO - 🔗 尝试连接 Appium: http://127.0.0.1:4736
2026-04-09 09:00:27,700 - INFO - ✅ iOS 驱动创建成功
2026-04-09 09:00:27,700 - INFO - 
2026-04-09 09:00:27,700 - INFO - ================================================================================
2026-04-09 09:00:27,700 - INFO - 🌐 开始校验语言: English
2026-04-09 09:00:27,700 - INFO - ================================================================================
2026-04-09 09:00:27,701 - INFO - 📚 [English] 识别到以下目标文案文件：
2026-04-09 09:00:27,701 - INFO -    - /Users/ambrose.chen/Desktop/iot/project/P0022-S1MAX/1共用脚本/隐私政策&用户协议 HTML格式/EN/Privacy Policy for AI-enabled Intelligent Recognition1226.html
2026-04-09 09:00:27,703 - INFO - 📚 [English] 目标文案来源: /Users/ambrose.chen/Desktop/iot/project/P0022-S1MAX/1共用脚本/隐私政策&用户协议 HTML格式
2026-04-09 09:00:27,703 - INFO - 📚 [English] 已加载目标文案块 1 条
2026-04-09 09:02:24,121 - INFO - 🔄 步骤1: 重启 APP（不清除数据）
2026-04-09 09:02:33,615 - INFO - ➡️ 步骤2: 进入 APP 主页面
2026-04-09 09:02:34,727 - INFO - ✅ 点击主页面入口成功: //XCUIElementTypeButton[@name="device enter"]
2026-04-09 09:02:36,731 - INFO - ⚙️ 步骤3: 点击右上角设置按钮进入设置页
2026-04-09 09:03:06,484 - INFO - ✅ 点击设置入口成功: 坐标兜底(400,100)
2026-04-09 09:03:10,806 - INFO - ⚙️ 步骤4: 进入 AI 设置页面
2026-04-09 09:03:11,815 - INFO - ✅ 点击AI设置入口成功: (//XCUIElementTypeOther[@name="AI Setting"])[3]
2026-04-09 09:03:14,020 - INFO - 📄 步骤5: 点击数据共享按钮
2026-04-09 09:03:15,080 - INFO - ✅ 点击数据共享成功: //XCUIElementTypeOther[@name="Data Sharing"]
2026-04-09 09:04:25,098 - INFO - ℹ️ 全量抓取停止：页面重复且无新增（轮次 5/18）
2026-04-09 09:04:25,130 - INFO - ✅ 语言 English 校验完成，结果: P，AI隐私页语种: English，语种结果: P，文案结果: P
2026-04-09 09:04:25,131 - INFO - 
2026-04-09 09:04:25,131 - INFO - ================================================================================
2026-04-09 09:04:25,131 - INFO - 🌐 开始校验语言: Français
2026-04-09 09:04:25,131 - INFO - ================================================================================
2026-04-09 09:04:25,134 - INFO - 📚 [Français] 识别到以下目标文案文件：
2026-04-09 09:04:25,134 - INFO -    - /Users/ambrose.chen/Desktop/iot/project/P0022-S1MAX/1共用脚本/隐私政策&用户协议 HTML格式/FR/Privacy Policy for AI-enabled Intelligent Recognition-1129_FR.html
2026-04-09 09:04:25,135 - INFO - 📚 [Français] 目标文案来源: /Users/ambrose.chen/Desktop/iot/project/P0022-S1MAX/1共用脚本/隐私政策&用户协议 HTML格式
2026-04-09 09:04:25,135 - INFO - 📚 [Français] 已加载目标文案块 1 条
2026-04-09 09:06:03,107 - INFO - 🔄 步骤1: 重启 APP（不清除数据）
2026-04-09 09:06:12,535 - INFO - ➡️ 步骤2: 进入 APP 主页面
2026-04-09 09:06:13,625 - INFO - ✅ 点击主页面入口成功: //XCUIElementTypeButton[@name="device enter"]
2026-04-09 09:06:15,630 - INFO - ⚙️ 步骤3: 点击右上角设置按钮进入设置页
2026-04-09 09:06:45,343 - INFO - ✅ 点击设置入口成功: 坐标兜底(400,100)
2026-04-09 09:06:49,642 - INFO - ⚙️ 步骤4: 进入 AI 设置页面
2026-04-09 09:06:50,670 - INFO - ✅ 点击AI设置入口成功: (//XCUIElementTypeOther[@name="Paramètres IA"])[3]
2026-04-09 09:06:52,871 - INFO - 📄 步骤5: 点击数据共享按钮
2026-04-09 09:06:53,945 - INFO - ✅ 点击数据共享成功: //XCUIElementTypeOther[@name="Partage des données"]
2026-04-09 09:08:02,762 - INFO - ℹ️ 全量抓取停止：页面重复且无新增（轮次 5/18）
2026-04-09 09:08:02,829 - INFO - ✅ 语言 Français 校验完成，结果: P，AI隐私页语种: Français，语种结果: P，文案结果: P
2026-04-09 09:08:02,829 - INFO - 
2026-04-09 09:08:02,829 - INFO - ================================================================================
2026-04-09 09:08:02,829 - INFO - 🌐 开始校验语言: Italiano
2026-04-09 09:08:02,829 - INFO - ================================================================================
2026-04-09 09:08:02,832 - INFO - 📚 [Italiano] 识别到以下目标文案文件：
2026-04-09 09:08:02,832 - INFO -    - /Users/ambrose.chen/Desktop/iot/project/P0022-S1MAX/1共用脚本/隐私政策&用户协议 HTML格式/IT/Privacy Policy for AI-enabled Intelligent Recognition-1129_IT.html
2026-04-09 09:08:02,833 - INFO - 📚 [Italiano] 目标文案来源: /Users/ambrose.chen/Desktop/iot/project/P0022-S1MAX/1共用脚本/隐私政策&用户协议 HTML格式
2026-04-09 09:08:02,833 - INFO - 📚 [Italiano] 已加载目标文案块 1 条
2026-04-09 09:09:43,605 - INFO - 🔄 步骤1: 重启 APP（不清除数据）
2026-04-09 09:09:53,132 - INFO - ➡️ 步骤2: 进入 APP 主页面
2026-04-09 09:09:54,315 - INFO - ✅ 点击主页面入口成功: //XCUIElementTypeButton[@name="device enter"]
2026-04-09 09:09:56,320 - INFO - ⚙️ 步骤3: 点击右上角设置按钮进入设置页
2026-04-09 09:10:25,997 - INFO - ✅ 点击设置入口成功: 坐标兜底(400,100)
2026-04-09 09:10:30,198 - INFO - ⚙️ 步骤4: 进入 AI 设置页面
2026-04-09 09:12:06,649 - INFO - ✅ 点击AI设置入口成功: (//XCUIElementTypeOther[@name="Impostazione IA"])[3]
2026-04-09 09:12:08,855 - INFO - 📄 步骤5: 点击数据共享按钮
2026-04-09 09:12:09,942 - INFO - ✅ 点击数据共享成功: //XCUIElementTypeOther[@name="Condivisione dei dati"]
2026-04-09 09:13:17,638 - INFO - ℹ️ 全量抓取停止：页面重复且无新增（轮次 5/18）
2026-04-09 09:13:17,699 - INFO - ✅ 语言 Italiano 校验完成，结果: P，AI隐私页语种: Italiano，语种结果: P，文案结果: P
2026-04-09 09:13:17,699 - INFO - 
2026-04-09 09:13:17,699 - INFO - ================================================================================
2026-04-09 09:13:17,699 - INFO - 🌐 开始校验语言: Deutsch
2026-04-09 09:13:17,699 - INFO - ================================================================================
2026-04-09 09:13:17,702 - INFO - 📚 [Deutsch] 识别到以下目标文案文件：
2026-04-09 09:13:17,702 - INFO -    - /Users/ambrose.chen/Desktop/iot/project/P0022-S1MAX/1共用脚本/隐私政策&用户协议 HTML格式/DE/Privacy Policy for AI-enabled Intelligent Recognition-1129_DE.html
2026-04-09 09:13:17,704 - INFO - 📚 [Deutsch] 目标文案来源: /Users/ambrose.chen/Desktop/iot/project/P0022-S1MAX/1共用脚本/隐私政策&用户协议 HTML格式
2026-04-09 09:13:17,704 - INFO - 📚 [Deutsch] 已加载目标文案块 1 条
2026-04-09 09:15:13,980 - INFO - 🔄 步骤1: 重启 APP（不清除数据）
2026-04-09 09:15:23,493 - INFO - ➡️ 步骤2: 进入 APP 主页面
2026-04-09 09:15:24,578 - INFO - ✅ 点击主页面入口成功: //XCUIElementTypeButton[@name="device enter"]
2026-04-09 09:15:26,584 - INFO - ⚙️ 步骤3: 点击右上角设置按钮进入设置页
2026-04-09 09:15:56,300 - INFO - ✅ 点击设置入口成功: 坐标兜底(400,100)
2026-04-09 09:16:00,480 - INFO - ⚙️ 步骤4: 进入 AI 设置页面
2026-04-09 09:16:49,201 - INFO - ✅ 点击AI设置入口成功: (//XCUIElementTypeOther[@name="KI-Einstellung"])[3]
2026-04-09 09:16:51,405 - INFO - 📄 步骤5: 点击数据共享按钮
2026-04-09 09:16:52,486 - INFO - ✅ 点击数据共享成功: //XCUIElementTypeOther[@name="Daten weitergeben"]
2026-04-09 09:18:00,250 - INFO - ℹ️ 全量抓取停止：页面重复且无新增（轮次 5/18）
2026-04-09 09:18:00,508 - INFO - ✅ 语言 Deutsch 校验完成，结果: P，AI隐私页语种: Deutsch，语种结果: P，文案结果: P
2026-04-09 09:18:00,508 - INFO - 
2026-04-09 09:18:00,508 - INFO - ================================================================================
2026-04-09 09:18:00,508 - INFO - 🌐 开始校验语言: Español
2026-04-09 09:18:00,508 - INFO - ================================================================================
2026-04-09 09:18:00,512 - INFO - 📚 [Español] 识别到以下目标文案文件：
2026-04-09 09:18:00,512 - INFO -    - /Users/ambrose.chen/Desktop/iot/project/P0022-S1MAX/1共用脚本/隐私政策&用户协议 HTML格式/ES/Privacy Policy for AI-enabled Intelligent Recognition-1129_ES.html
2026-04-09 09:18:00,513 - INFO - 📚 [Español] 目标文案来源: /Users/ambrose.chen/Desktop/iot/project/P0022-S1MAX/1共用脚本/隐私政策&用户协议 HTML格式
2026-04-09 09:18:00,513 - INFO - 📚 [Español] 已加载目标文案块 1 条
2026-04-09 09:20:05,920 - INFO - 🔄 步骤1: 重启 APP（不清除数据）
2026-04-09 09:20:15,373 - INFO - ➡️ 步骤2: 进入 APP 主页面
2026-04-09 09:20:16,452 - INFO - ✅ 点击主页面入口成功: //XCUIElementTypeButton[@name="device enter"]
2026-04-09 09:20:18,456 - INFO - ⚙️ 步骤3: 点击右上角设置按钮进入设置页
2026-04-09 09:20:48,229 - INFO - ✅ 点击设置入口成功: 坐标兜底(400,100)
2026-04-09 09:20:52,422 - INFO - ⚙️ 步骤4: 进入 AI 设置页面
2026-04-09 09:20:53,431 - INFO - ✅ 点击AI设置入口成功: (//XCUIElementTypeOther[@name="Configuración de IA"])[3]
2026-04-09 09:20:55,633 - INFO - 📄 步骤5: 点击数据共享按钮
2026-04-09 09:20:56,719 - INFO - ✅ 点击数据共享成功: //XCUIElementTypeOther[@name="Compartir datos"]
2026-04-09 09:22:04,839 - INFO - ℹ️ 全量抓取停止：页面重复且无新增（轮次 5/18）
2026-04-09 09:22:04,889 - INFO - ✅ 语言 Español 校验完成，结果: P，AI隐私页语种: Español，语种结果: P，文案结果: P
2026-04-09 09:22:04,889 - INFO - 
2026-04-09 09:22:04,889 - INFO - ================================================================================
2026-04-09 09:22:04,889 - INFO - 🌐 开始校验语言: Português
2026-04-09 09:22:04,889 - INFO - ================================================================================
2026-04-09 09:22:04,893 - INFO - 📚 [Português] 识别到以下目标文案文件：
2026-04-09 09:22:04,893 - INFO -    - /Users/ambrose.chen/Desktop/iot/project/P0022-S1MAX/1共用脚本/隐私政策&用户协议 HTML格式/BR/Privacy Policy for AI-enabled Intelligent Recognition1226_BR.html
2026-04-09 09:22:04,897 - INFO - 📚 [Português] 目标文案来源: /Users/ambrose.chen/Desktop/iot/project/P0022-S1MAX/1共用脚本/隐私政策&用户协议 HTML格式
2026-04-09 09:22:04,897 - INFO - 📚 [Português] 已加载目标文案块 1 条
2026-04-09 09:23:45,845 - INFO - 🔄 步骤1: 重启 APP（不清除数据）
2026-04-09 09:23:55,291 - INFO - ➡️ 步骤2: 进入 APP 主页面
2026-04-09 09:23:56,369 - INFO - ✅ 点击主页面入口成功: //XCUIElementTypeButton[@name="device enter"]
2026-04-09 09:23:58,375 - INFO - ⚙️ 步骤3: 点击右上角设置按钮进入设置页
2026-04-09 09:24:28,097 - INFO - ✅ 点击设置入口成功: 坐标兜底(400,100)
2026-04-09 09:24:32,289 - INFO - ⚙️ 步骤4: 进入 AI 设置页面
2026-04-09 09:26:08,785 - INFO - ✅ 点击AI设置入口成功: (//XCUIElementTypeOther[@name="Configuração de IA"])[3]
2026-04-09 09:26:10,990 - INFO - 📄 步骤5: 点击数据共享按钮
2026-04-09 09:26:12,082 - INFO - ✅ 点击数据共享成功: //XCUIElementTypeOther[@name="Compartilhamento de dados"]
2026-04-09 09:27:19,767 - INFO - ℹ️ 全量抓取停止：页面重复且无新增（轮次 5/18）
2026-04-09 09:27:19,807 - INFO - ✅ 语言 Português 校验完成，结果: P，AI隐私页语种: Português，语种结果: P，文案结果: P
2026-04-09 09:27:19,877 - INFO - ✅ Excel 报告已生成: /Users/ambrose.chen/Desktop/iot/project/P0022-S1MAX/2测试报告/iPhone 16 pro max_iOS_AI设置-隐私政策_20260409_090024/iPhone 16 pro max_iOS_AI设置-隐私政策_20260409_090024.xlsx
2026-04-09 09:27:19,920 - INFO - ✅ 驱动已关闭
