2026-04-29 14:46:45,248 - INFO - 🔄 步骤0: 登出，确保从登出状态开始测试
2026-04-29 14:46:45,248 - INFO - 开始登出流程...
2026-04-29 14:47:16,338 - INFO - 未检测到home sel/mine sel/mine，跳过登出流程
2026-04-29 14:47:16,342 - INFO - ✅ 步骤0: 登出，确保从登出状态开始测试 - 完成
2026-04-29 14:47:18,342 - INFO - 🔄 步骤1: 验证在APP首页（登录页面）
2026-04-29 14:47:18,542 - INFO - ✅ 步骤1: 验证在APP首页（登录页面） - 完成，确认在APP首页（登录页面）
2026-04-29 14:47:20,545 - INFO - 🔄 步骤2: 点击Sign Up按钮进入注册页面
2026-04-29 14:47:21,507 - INFO - ✅ 步骤2: 点击Sign Up按钮进入注册页面 - 完成
2026-04-29 14:47:24,513 - INFO - 🔄 步骤3: 验证进入Sign Up页面
2026-04-29 14:47:24,752 - INFO - ✅ 步骤3: 验证进入Sign Up页面 - 完成，确认已进入Sign Up注册页面
2026-04-29 14:47:26,754 - INFO - 🔄 步骤4: 输入邮箱
2026-04-29 14:47:26,768 - INFO - 📧 生成简单邮箱地址: testuser92@163.com
2026-04-29 14:47:28,710 - INFO - ✅ 步骤4: 输入邮箱 - 完成，邮箱: testuser92@163.com
2026-04-29 14:47:30,713 - INFO - 🔄 步骤5: 勾选隐私政策和用户协议
2026-04-29 14:47:36,719 - INFO - ✅ 隐私政策复选框已勾选
2026-04-29 14:47:38,221 - INFO - 🔄 步骤5.1: 收起键盘（Done）
2026-04-29 14:47:39,674 - INFO - ✅ 已点击Done收起键盘
2026-04-29 14:47:40,681 - INFO - 🔄 步骤6: 点击Next进入set password页面
2026-04-29 14:47:41,539 - INFO - ✅ 步骤6: 点击Next进入set password页面 - 完成，已点击Next按钮
2026-04-29 14:47:44,545 - INFO - 🔄 步骤7: 验证进入set password页面
2026-04-29 14:47:44,932 - INFO - ✅ 成功进入set password页面
2026-04-29 14:47:46,437 - INFO - 🔄 步骤8: 输入密码并确认
2026-04-29 14:47:48,425 - INFO - ✅ 已输入密码: Csx150128
2026-04-29 14:47:50,364 - INFO - ✅ 已输入确认密码: Csx150128
2026-04-29 14:47:52,625 - INFO - ✅ 密码页已点击Done收起键盘
2026-04-29 14:47:53,628 - INFO - 🔄 步骤9: 点击Next进入Personal Information页面
2026-04-29 14:47:54,632 - INFO - ✅ 已点击密码页Next按钮
2026-04-29 14:47:57,637 - INFO - 🔄 步骤10: 验证Personal Information页面元素
2026-04-29 14:47:58,401 - INFO - ✅ 找到Skip元素: //XCUIElementTypeButton[@name="Skip"]
2026-04-29 14:47:58,604 - INFO - ✅ 找到Submit按钮
2026-04-29 14:47:58,604 - INFO - ✅ Personal Information页面元素验证通过
2026-04-29 14:47:59,610 - INFO - 🎉 测试用例102226执行成功！
2026-04-29 14:47:59,611 - INFO - ✅ Personal Information页面显示正确，包含Skip和Submit元素
2026-04-29 14:48:01,662 - INFO - ✅ 报告已生成: /Users/ambrose.chen/Desktop/iot/project/APP外壳/2测试报告/platform/ios_20260429_144642/ios_20260429_144642_report.xlsx
