2026-04-29 13:49:53,628 - INFO - 🔄 步骤0: 登出，确保从登出状态开始测试
2026-04-29 13:49:53,628 - INFO - 开始登出流程...
2026-04-29 13:50:24,695 - INFO - 未检测到home sel/mine sel/mine，跳过登出流程
2026-04-29 13:50:24,700 - INFO - ✅ 步骤0: 登出，确保从登出状态开始测试 - 完成
2026-04-29 13:50:26,703 - INFO - 🔄 步骤1: 验证在APP首页（登录页面）
2026-04-29 13:50:26,869 - INFO - ✅ 步骤1: 验证在APP首页（登录页面） - 完成，确认在APP首页（登录页面）
2026-04-29 13:50:28,872 - INFO - 🔄 步骤2: 点击Sign Up按钮进入注册页面
2026-04-29 13:50:29,976 - INFO - ✅ 步骤2: 点击Sign Up按钮进入注册页面 - 完成
2026-04-29 13:50:32,979 - INFO - 🔄 步骤3: 验证进入Sign Up页面
2026-04-29 13:50:33,265 - INFO - ✅ 步骤3: 验证进入Sign Up页面 - 完成，确认已进入Sign Up注册页面
2026-04-29 13:50:35,266 - INFO - 🔄 步骤4: 输入邮箱
2026-04-29 13:50:35,276 - INFO - 📧 生成简单邮箱地址: testuser77@163.com
2026-04-29 13:50:37,229 - INFO - ✅ 步骤4: 输入邮箱 - 完成，邮箱: testuser77@163.com
2026-04-29 13:50:39,235 - INFO - 🔄 步骤5: 勾选隐私政策和用户协议
2026-04-29 13:50:45,277 - INFO - ✅ 隐私政策复选框已勾选
2026-04-29 13:50:46,783 - INFO - 🔄 步骤5.1: 收起键盘（Done）
2026-04-29 13:50:48,075 - INFO - ✅ 已点击Done收起键盘
2026-04-29 13:50:49,076 - INFO - 🔄 步骤6: 点击Next进入set password页面
2026-04-29 13:50:49,787 - INFO - ✅ 步骤6: 点击Next进入set password页面 - 完成，已点击Next按钮
2026-04-29 13:50:52,794 - INFO - 🔄 步骤7: 验证进入set password页面
2026-04-29 13:50:53,141 - INFO - ✅ 成功进入set password页面
2026-04-29 13:50:54,643 - INFO - 🔄 步骤8: 输入纯大写密码并验证规则颜色
2026-04-29 13:50:56,529 - INFO - ✅ 已输入密码: XINGMAI
2026-04-29 13:50:58,474 - INFO - ✅ 已输入确认密码: XINGMAI
2026-04-29 13:50:59,901 - INFO - 📝 规则提示: • 6-20 characters 颜色: None
2026-04-29 13:51:00,310 - INFO - 📝 规则提示: • contains letters 颜色: None
2026-04-29 13:51:00,744 - INFO - 📝 规则提示: • contains numbers 颜色: None
2026-04-29 13:51:01,166 - INFO - 📝 规则提示: • Supports special characters:! @ # $ % ^ & * ( ) - _ = + \ | [ ] { } ; : / ? . , ~ > < ` 颜色: None
2026-04-29 13:51:02,428 - INFO - ✅ 密码页已点击Done收起键盘
2026-04-29 13:51:03,431 - INFO - 🔄 步骤9: 点击Next验证仍停留在set password页面
2026-04-29 13:51:04,021 - INFO - ✅ 已尝试点击密码页Next按钮（应无跳转）
2026-04-29 13:51:06,345 - INFO - ✅ 点击后仍停留在set password页面，Next按钮不可使页面跳转
2026-04-29 13:51:07,346 - INFO - 🎉 测试用例102230执行成功！
2026-04-29 13:51:07,346 - INFO - ✅ 纯大写密码规则提示符合预期，Next不可跳转
2026-04-29 13:51:09,406 - INFO - ✅ 报告已生成: /Users/ambrose.chen/Desktop/iot/project/APP外壳/2测试报告/platform/ios_20260429_134951/ios_20260429_134951_report.xlsx
