2026-04-29 11:00:58,301 - INFO - 🔄 步骤0: 登出，确保从登出状态开始测试
2026-04-29 11:00:58,301 - INFO - 开始登出流程...
2026-04-29 11:01:29,368 - INFO - 未检测到home sel/mine sel/mine，跳过登出流程
2026-04-29 11:01:29,372 - INFO - ✅ 步骤0: 登出，确保从登出状态开始测试 - 完成
2026-04-29 11:01:31,375 - INFO - 🔄 步骤1: 验证在APP首页（登录页面）
2026-04-29 11:01:31,573 - INFO - ✅ 步骤1: 验证在APP首页（登录页面） - 完成，确认在APP首页（登录页面）
2026-04-29 11:01:33,579 - INFO - 🔄 步骤2: 点击Sign Up按钮进入注册页面
2026-04-29 11:01:34,562 - INFO - ✅ 步骤2: 点击Sign Up按钮进入注册页面 - 完成
2026-04-29 11:01:37,569 - INFO - 🔄 步骤3: 验证进入Sign Up页面
2026-04-29 11:01:37,844 - INFO - ✅ 步骤3: 验证进入Sign Up页面 - 完成，确认已进入Sign Up注册页面
2026-04-29 11:01:39,849 - INFO - 🔄 步骤4: 国家切换至France
2026-04-29 11:01:53,893 - INFO - ❌ 步骤4: 国家切换至France失败: Message: 
Stacktrace:
NoSuchElementError: An element could not be located on the page using the given search parameters.
    at XCUITestDriver.doNativeFind (/Users/ambrose.chen/.appium/node_modules/appium-xcuitest-driver/lib/commands/find.js:116:11)
    at processTicksAndRejections (node:internal/process/task_queues:103:5)
    at XCUITestDriver.findNativeElementOrElements (/Users/ambrose.chen/.appium/node_modules/appium-xcuitest-driver/lib/commands/find.js:69:10)
    at XCUITestDriver.findElOrEls (/Users/ambrose.chen/.appium/node_modules/appium-xcuitest-driver/lib/commands/find.js:13:12)
    at XCUITestDriver.findElOrElsWithProcessing (/Users/ambrose.chen/.appium/node_modules/appium-xcuitest-driver/node_modules/@appium/base-driver/lib/basedriver/commands/find.ts:60:12)
    at XCUITestDriver.findElement (/Users/ambrose.chen/.appium/node_modules/appium-xcuitest-driver/node_modules/@appium/base-driver/lib/basedriver/commands/find.ts:75:12)
2026-04-29 11:01:53,894 - INFO - 
============================================================
2026-04-29 11:01:53,895 - INFO - ❌ 测试失败
2026-04-29 11:01:53,895 - INFO - 📍 失败步骤: 步骤4: 国家切换至France
2026-04-29 11:01:53,895 - INFO - 📝 失败原因: 步骤4: 国家切换至France失败: Message: 
Stacktrace:
NoSuchElementError: An element could not be located on the page using the given search parameters.
    at XCUITestDriver.doNativeFind (/Users/ambrose.chen/.appium/node_modules/appium-xcuitest-driver/lib/commands/find.js:116:11)
    at processTicksAndRejections (node:internal/process/task_queues:103:5)
    at XCUITestDriver.findNativeElementOrElements (/Users/ambrose.chen/.appium/node_modules/appium-xcuitest-driver/lib/commands/find.js:69:10)
    at XCUITestDriver.findElOrEls (/Users/ambrose.chen/.appium/node_modules/appium-xcuitest-driver/lib/commands/find.js:13:12)
    at XCUITestDriver.findElOrElsWithProcessing (/Users/ambrose.chen/.appium/node_modules/appium-xcuitest-driver/node_modules/@appium/base-driver/lib/basedriver/commands/find.ts:60:12)
    at XCUITestDriver.findElement (/Users/ambrose.chen/.appium/node_modules/appium-xcuitest-driver/node_modules/@appium/base-driver/lib/basedriver/commands/find.ts:75:12)
2026-04-29 11:01:53,895 - INFO - ============================================================
2026-04-29 11:01:53,909 - INFO - Traceback (most recent call last):

2026-04-29 11:01:53,915 - INFO -   File "/Users/ambrose.chen/Desktop/iot/project/APP外壳/3功能/1平台/IOS/2注册/102221 验证一个地区注册过的的邮箱，不可以在另一个地区继续注册.py", line 185, in test_102221
    if not switch_country("France"):
           ^^^^^^^^^^^^^^^^^^^^^^^^

2026-04-29 11:01:53,916 - INFO -   File "/Users/ambrose.chen/Desktop/iot/project/APP外壳/3功能/1平台/IOS/2注册/102221 验证一个地区注册过的的邮箱，不可以在另一个地区继续注册.py", line 170, in switch_country
    search_field = WebDriverWait(driver, 10).until(
                   ^^^^^^^^^^^^^^^^^^^^^^^^^^^^^^^^

2026-04-29 11:01:53,916 - INFO -   File "/Library/Frameworks/Python.framework/Versions/3.11/lib/python3.11/site-packages/selenium/webdriver/support/wait.py", line 138, in until
    raise TimeoutException(message, screen, stacktrace)

2026-04-29 11:01:53,916 - INFO - selenium.common.exceptions.TimeoutException: Message: 
Stacktrace:
NoSuchElementError: An element could not be located on the page using the given search parameters.
    at XCUITestDriver.doNativeFind (/Users/ambrose.chen/.appium/node_modules/appium-xcuitest-driver/lib/commands/find.js:116:11)
    at processTicksAndRejections (node:internal/process/task_queues:103:5)
    at XCUITestDriver.findNativeElementOrElements (/Users/ambrose.chen/.appium/node_modules/appium-xcuitest-driver/lib/commands/find.js:69:10)
    at XCUITestDriver.findElOrEls (/Users/ambrose.chen/.appium/node_modules/appium-xcuitest-driver/lib/commands/find.js:13:12)
    at XCUITestDriver.findElOrElsWithProcessing (/Users/ambrose.chen/.appium/node_modules/appium-xcuitest-driver/node_modules/@appium/base-driver/lib/basedriver/commands/find.ts:60:12)
    at XCUITestDriver.findElement (/Users/ambrose.chen/.appium/node_modules/appium-xcuitest-driver/node_modules/@appium/base-driver/lib/basedriver/commands/find.ts:75:12)

2026-04-29 11:01:54,257 - INFO - 已保存test_102221_failed失败截图: screenshots/test_102221_failed_1777431713.png
2026-04-29 11:01:54,296 - INFO - ✅ 报告已生成: /Users/ambrose.chen/Desktop/iot/project/APP外壳/2测试报告/platform/ios_20260429_110055/ios_20260429_110055_report.xlsx
