2026-04-29 13:37:19,766 - INFO - 🔄 步骤0: 登出，确保从登出状态开始测试
2026-04-29 13:37:19,766 - INFO - 开始登出流程...
2026-04-29 13:37:50,683 - INFO - 未检测到home sel/mine sel/mine，跳过登出流程
2026-04-29 13:37:50,685 - INFO - ✅ 步骤0: 登出，确保从登出状态开始测试 - 完成
2026-04-29 13:37:52,687 - INFO - 🔄 步骤1: 验证在APP首页（登录页面）
2026-04-29 13:37:52,857 - INFO - ✅ 步骤1: 验证在APP首页（登录页面） - 完成，确认在APP首页（登录页面）
2026-04-29 13:37:54,860 - INFO - 🔄 步骤2: 点击Sign Up按钮进入注册页面
2026-04-29 13:37:55,825 - INFO - ✅ 步骤2: 点击Sign Up按钮进入注册页面 - 完成
2026-04-29 13:37:58,829 - INFO - 🔄 步骤3: 验证进入Sign Up页面
2026-04-29 13:37:59,080 - INFO - ✅ 步骤3: 验证进入Sign Up页面 - 完成，确认已进入Sign Up注册页面
2026-04-29 13:38:01,084 - INFO - 🔄 步骤4: 输入邮箱
2026-04-29 13:38:01,092 - INFO - 📧 生成简单邮箱地址: testuser72@163.com
2026-04-29 13:38:03,034 - INFO - ✅ 步骤4: 输入邮箱 - 完成，邮箱: testuser72@163.com
2026-04-29 13:38:05,039 - INFO - 🔄 步骤5: 勾选隐私政策和用户协议
2026-04-29 13:38:11,042 - INFO - ✅ 隐私政策复选框已勾选
2026-04-29 13:38:12,545 - INFO - 🔄 步骤5.1: 收起键盘（Done）
2026-04-29 13:38:13,868 - INFO - ✅ 已点击Done收起键盘
2026-04-29 13:38:14,872 - INFO - 🔄 步骤6: 点击Next进入set password页面
2026-04-29 13:38:15,596 - INFO - ✅ 步骤6: 点击Next进入set password页面 - 完成，已点击Next按钮
2026-04-29 13:38:18,599 - INFO - 🔄 步骤7: 验证进入set password页面
2026-04-29 13:38:18,885 - INFO - ✅ 成功进入set password页面
2026-04-29 13:38:20,391 - INFO - 🔄 步骤8: 输入超长密码并验证规则颜色
2026-04-29 13:38:22,277 - INFO - ✅ 已输入密码: Csx123456789012345678
2026-04-29 13:38:24,212 - INFO - 📝 规则提示: • 6-20 characters 颜色: None
2026-04-29 13:38:24,629 - INFO - 📝 规则提示: • contains letters 颜色: None
2026-04-29 13:38:25,037 - INFO - 📝 规则提示: • contains numbers 颜色: None
2026-04-29 13:38:25,437 - INFO - 📝 规则提示: • Supports special characters:! @ # $ % ^ & * ( ) - _ = + \ | [ ] { } ; : / ? . , ~ > < ` 颜色: None
2026-04-29 13:38:25,437 - INFO - ✅ 规则颜色检查完成（无法获取颜色时已记录）
2026-04-29 13:38:26,439 - INFO - 🔄 步骤9: 收起键盘并点击Next，验证停留当前页面
2026-04-29 13:38:27,819 - INFO - ✅ 已点击Done收起键盘
2026-04-29 13:38:29,408 - INFO - ✅ 已尝试点击密码页Next按钮
2026-04-29 13:38:31,729 - INFO - ✅ 点击后仍停留在set password页面，Next按钮不可使页面跳转
2026-04-29 13:38:32,734 - INFO - 🎉 测试用例102225执行成功！
2026-04-29 13:38:32,734 - INFO - ✅ 密码大于20位时规则颜色符合预期，Next按钮不可跳转
2026-04-29 13:38:34,785 - INFO - ✅ 报告已生成: /Users/ambrose.chen/Desktop/iot/project/APP外壳/2测试报告/platform/ios_20260429_133716/ios_20260429_133716_report.xlsx
